/root/ros2_ws/install/mpu9250/lib/python3.10/site-packages/mpu9250/checkingSavingAndLoadingCalibInfo.py
/root/ros2_ws/install/mpu9250/lib/python3.10/site-packages/mpu9250/mpu9250_node_0823.py
/root/ros2_ws/install/mpu9250/lib/python3.10/site-packages/mpu9250/mpu9250_node_0817.py
/root/ros2_ws/install/mpu9250/lib/python3.10/site-packages/mpu9250/__init__.py
/root/ros2_ws/install/mpu9250/lib/python3.10/site-packages/mpu9250/test.py
/root/ros2_ws/install/mpu9250/lib/python3.10/site-packages/mpu9250/complete_caliberation.py
/root/ros2_ws/install/mpu9250/lib/python3.10/site-packages/mpu9250/mpu9250_node.py
/root/ros2_ws/install/mpu9250/lib/python3.10/site-packages/mpu9250/imu_calib_load.py
/root/ros2_ws/install/mpu9250/lib/python3.10/site-packages/mpu9250/imusensor/__init__.py
/root/ros2_ws/install/mpu9250/lib/python3.10/site-packages/mpu9250/imusensor/filters/madgwick.py
/root/ros2_ws/install/mpu9250/lib/python3.10/site-packages/mpu9250/imusensor/filters/kalman.py
/root/ros2_ws/install/mpu9250/lib/python3.10/site-packages/mpu9250/imusensor/filters/__init__.py
/root/ros2_ws/install/mpu9250/lib/python3.10/site-packages/mpu9250/imusensor/filters/complimentary.py
/root/ros2_ws/install/mpu9250/lib/python3.10/site-packages/mpu9250/imusensor/MPU9250/config.py
/root/ros2_ws/install/mpu9250/lib/python3.10/site-packages/mpu9250/imusensor/MPU9250/__init__.py
/root/ros2_ws/install/mpu9250/lib/python3.10/site-packages/mpu9250/imusensor/MPU9250/MPU9250.py
/root/ros2_ws/install/mpu9250/lib/python3.10/site-packages/mpu9250/__pycache__/checkingSavingAndLoadingCalibInfo.cpython-310.pyc
/root/ros2_ws/install/mpu9250/lib/python3.10/site-packages/mpu9250/__pycache__/mpu9250_node_0823.cpython-310.pyc
/root/ros2_ws/install/mpu9250/lib/python3.10/site-packages/mpu9250/__pycache__/mpu9250_node_0817.cpython-310.pyc
/root/ros2_ws/install/mpu9250/lib/python3.10/site-packages/mpu9250/__pycache__/__init__.cpython-310.pyc
/root/ros2_ws/install/mpu9250/lib/python3.10/site-packages/mpu9250/__pycache__/test.cpython-310.pyc
/root/ros2_ws/install/mpu9250/lib/python3.10/site-packages/mpu9250/__pycache__/complete_caliberation.cpython-310.pyc
/root/ros2_ws/install/mpu9250/lib/python3.10/site-packages/mpu9250/__pycache__/mpu9250_node.cpython-310.pyc
/root/ros2_ws/install/mpu9250/lib/python3.10/site-packages/mpu9250/__pycache__/imu_calib_load.cpython-310.pyc
/root/ros2_ws/install/mpu9250/lib/python3.10/site-packages/mpu9250/imusensor/__pycache__/__init__.cpython-310.pyc
/root/ros2_ws/install/mpu9250/lib/python3.10/site-packages/mpu9250/imusensor/filters/__pycache__/madgwick.cpython-310.pyc
/root/ros2_ws/install/mpu9250/lib/python3.10/site-packages/mpu9250/imusensor/filters/__pycache__/kalman.cpython-310.pyc
/root/ros2_ws/install/mpu9250/lib/python3.10/site-packages/mpu9250/imusensor/filters/__pycache__/__init__.cpython-310.pyc
/root/ros2_ws/install/mpu9250/lib/python3.10/site-packages/mpu9250/imusensor/filters/__pycache__/complimentary.cpython-310.pyc
/root/ros2_ws/install/mpu9250/lib/python3.10/site-packages/mpu9250/imusensor/MPU9250/__pycache__/config.cpython-310.pyc
/root/ros2_ws/install/mpu9250/lib/python3.10/site-packages/mpu9250/imusensor/MPU9250/__pycache__/__init__.cpython-310.pyc
/root/ros2_ws/install/mpu9250/lib/python3.10/site-packages/mpu9250/imusensor/MPU9250/__pycache__/MPU9250.cpython-310.pyc
/root/ros2_ws/install/mpu9250/share/ament_index/resource_index/packages/mpu9250
/root/ros2_ws/install/mpu9250/share/mpu9250/package.xml
/root/ros2_ws/install/mpu9250/lib/python3.10/site-packages/mpu9250-0.0.0-py3.10.egg-info/SOURCES.txt
/root/ros2_ws/install/mpu9250/lib/python3.10/site-packages/mpu9250-0.0.0-py3.10.egg-info/dependency_links.txt
/root/ros2_ws/install/mpu9250/lib/python3.10/site-packages/mpu9250-0.0.0-py3.10.egg-info/entry_points.txt
/root/ros2_ws/install/mpu9250/lib/python3.10/site-packages/mpu9250-0.0.0-py3.10.egg-info/PKG-INFO
/root/ros2_ws/install/mpu9250/lib/python3.10/site-packages/mpu9250-0.0.0-py3.10.egg-info/requires.txt
/root/ros2_ws/install/mpu9250/lib/python3.10/site-packages/mpu9250-0.0.0-py3.10.egg-info/zip-safe
/root/ros2_ws/install/mpu9250/lib/python3.10/site-packages/mpu9250-0.0.0-py3.10.egg-info/top_level.txt
/root/ros2_ws/install/mpu9250/lib/mpu9250/mpu9250_node
