[0.418s] Invoking command in '/root/ros2_ws/build/sllidar_ros2': CMAKE_PREFIX_PATH=/root/ros2_ws/install/mpu9250:/root/ros2_ws2/install/mpu9250:/opt/ros/humble /usr/bin/cmake --build /root/ros2_ws/build/sllidar_ros2 -- -j4 -l4
[0.513s] [35m[1mConsolidate compiler generated dependencies of target sllidar_client[0m
[0.514s] [35m[1mConsolidate compiler generated dependencies of target sllidar_node[0m
[0.543s] [ 10%] Built target sllidar_client
[0.563s] [100%] Built target sllidar_node
[0.599s] Invoked command in '/root/ros2_ws/build/sllidar_ros2' returned '0': CMAKE_PREFIX_PATH=/root/ros2_ws/install/mpu9250:/root/ros2_ws2/install/mpu9250:/opt/ros/humble /usr/bin/cmake --build /root/ros2_ws/build/sllidar_ros2 -- -j4 -l4
[0.728s] Invoking command in '/root/ros2_ws/build/sllidar_ros2': CMAKE_PREFIX_PATH=/root/ros2_ws/install/mpu9250:/root/ros2_ws2/install/mpu9250:/opt/ros/humble /usr/bin/cmake --install /root/ros2_ws/build/sllidar_ros2
[0.742s] -- Install configuration: ""
[0.742s] -- Up-to-date: /root/ros2_ws/install/sllidar_ros2/share/sllidar_ros2/launch
[0.742s] -- Up-to-date: /root/ros2_ws/install/sllidar_ros2/share/sllidar_ros2/launch/view_sllidar_s2_launch.py
[0.742s] -- Up-to-date: /root/ros2_ws/install/sllidar_ros2/share/sllidar_ros2/launch/view_sllidar_s1_tcp_launch.py
[0.742s] -- Up-to-date: /root/ros2_ws/install/sllidar_ros2/share/sllidar_ros2/launch/sllidar_a2m7_launch.py
[0.742s] -- Up-to-date: /root/ros2_ws/install/sllidar_ros2/share/sllidar_ros2/launch/sllidar_a2m12_launch .py
[0.743s] -- Up-to-date: /root/ros2_ws/install/sllidar_ros2/share/sllidar_ros2/launch/view_sllidar_s1_launch.py
[0.743s] -- Up-to-date: /root/ros2_ws/install/sllidar_ros2/share/sllidar_ros2/launch/sllidar_s1_launch.py
[0.743s] -- Up-to-date: /root/ros2_ws/install/sllidar_ros2/share/sllidar_ros2/launch/sllidar_c1_launch.py
[0.743s] -- Up-to-date: /root/ros2_ws/install/sllidar_ros2/share/sllidar_ros2/launch/view_sllidar_a1_launch.py
[0.743s] -- Up-to-date: /root/ros2_ws/install/sllidar_ros2/share/sllidar_ros2/launch/view_sllidar_s3_launch.py
[0.743s] -- Up-to-date: /root/ros2_ws/install/sllidar_ros2/share/sllidar_ros2/launch/view_sllidar_a3_launch.py
[0.743s] -- Up-to-date: /root/ros2_ws/install/sllidar_ros2/share/sllidar_ros2/launch/view_sllidar_t1_launch.py
[0.743s] -- Up-to-date: /root/ros2_ws/install/sllidar_ros2/share/sllidar_ros2/launch/view_sllidar_s2e_launch.py
[0.743s] -- Up-to-date: /root/ros2_ws/install/sllidar_ros2/share/sllidar_ros2/launch/sllidar_s3_launch.py
[0.743s] -- Up-to-date: /root/ros2_ws/install/sllidar_ros2/share/sllidar_ros2/launch/view_sllidar_a2m8_launch.py
[0.743s] -- Up-to-date: /root/ros2_ws/install/sllidar_ros2/share/sllidar_ros2/launch/view_sllidar_a2m12_launch.py
[0.743s] -- Up-to-date: /root/ros2_ws/install/sllidar_ros2/share/sllidar_ros2/launch/view_sllidar_a2m7_launch.py
[0.744s] -- Up-to-date: /root/ros2_ws/install/sllidar_ros2/share/sllidar_ros2/launch/sllidar_t1_launch.py
[0.744s] -- Up-to-date: /root/ros2_ws/install/sllidar_ros2/share/sllidar_ros2/launch/sllidar_s2e_launch.py
[0.744s] -- Up-to-date: /root/ros2_ws/install/sllidar_ros2/share/sllidar_ros2/launch/view_sllidar_c1_launch.py
[0.744s] -- Up-to-date: /root/ros2_ws/install/sllidar_ros2/share/sllidar_ros2/launch/sllidar_a3_launch.py
[0.744s] -- Up-to-date: /root/ros2_ws/install/sllidar_ros2/share/sllidar_ros2/launch/sllidar_s2_launch.py
[0.744s] -- Up-to-date: /root/ros2_ws/install/sllidar_ros2/share/sllidar_ros2/launch/sllidar_s1_tcp_launch.py
[0.744s] -- Up-to-date: /root/ros2_ws/install/sllidar_ros2/share/sllidar_ros2/launch/sllidar_a1_launch.py
[0.744s] -- Up-to-date: /root/ros2_ws/install/sllidar_ros2/share/sllidar_ros2/launch/sllidar_a2m8_launch.py
[0.744s] -- Up-to-date: /root/ros2_ws/install/sllidar_ros2/share/sllidar_ros2/rviz
[0.744s] -- Up-to-date: /root/ros2_ws/install/sllidar_ros2/share/sllidar_ros2/rviz/sllidar_ros2.rviz
[0.744s] -- Up-to-date: /root/ros2_ws/install/sllidar_ros2/lib/sllidar_ros2/sllidar_node
[0.744s] -- Up-to-date: /root/ros2_ws/install/sllidar_ros2/lib/sllidar_ros2/sllidar_client
[0.745s] -- Up-to-date: /root/ros2_ws/install/sllidar_ros2/share/ament_index/resource_index/package_run_dependencies/sllidar_ros2
[0.745s] -- Up-to-date: /root/ros2_ws/install/sllidar_ros2/share/ament_index/resource_index/parent_prefix_path/sllidar_ros2
[0.745s] -- Up-to-date: /root/ros2_ws/install/sllidar_ros2/share/sllidar_ros2/environment/ament_prefix_path.sh
[0.745s] -- Up-to-date: /root/ros2_ws/install/sllidar_ros2/share/sllidar_ros2/environment/ament_prefix_path.dsv
[0.745s] -- Up-to-date: /root/ros2_ws/install/sllidar_ros2/share/sllidar_ros2/environment/path.sh
[0.745s] -- Up-to-date: /root/ros2_ws/install/sllidar_ros2/share/sllidar_ros2/environment/path.dsv
[0.745s] -- Up-to-date: /root/ros2_ws/install/sllidar_ros2/share/sllidar_ros2/local_setup.bash
[0.745s] -- Up-to-date: /root/ros2_ws/install/sllidar_ros2/share/sllidar_ros2/local_setup.sh
[0.745s] -- Up-to-date: /root/ros2_ws/install/sllidar_ros2/share/sllidar_ros2/local_setup.zsh
[0.745s] -- Up-to-date: /root/ros2_ws/install/sllidar_ros2/share/sllidar_ros2/local_setup.dsv
[0.746s] -- Installing: /root/ros2_ws/install/sllidar_ros2/share/sllidar_ros2/package.dsv
[0.746s] -- Up-to-date: /root/ros2_ws/install/sllidar_ros2/share/ament_index/resource_index/packages/sllidar_ros2
[0.746s] -- Up-to-date: /root/ros2_ws/install/sllidar_ros2/share/sllidar_ros2/cmake/ament_cmake_export_dependencies-extras.cmake
[0.746s] -- Up-to-date: /root/ros2_ws/install/sllidar_ros2/share/sllidar_ros2/cmake/ament_cmake_export_include_directories-extras.cmake
[0.746s] -- Up-to-date: /root/ros2_ws/install/sllidar_ros2/share/sllidar_ros2/cmake/sllidar_ros2Config.cmake
[0.746s] -- Up-to-date: /root/ros2_ws/install/sllidar_ros2/share/sllidar_ros2/cmake/sllidar_ros2Config-version.cmake
[0.746s] -- Up-to-date: /root/ros2_ws/install/sllidar_ros2/share/sllidar_ros2/package.xml
[0.749s] Invoked command in '/root/ros2_ws/build/sllidar_ros2' returned '0': CMAKE_PREFIX_PATH=/root/ros2_ws/install/mpu9250:/root/ros2_ws2/install/mpu9250:/opt/ros/humble /usr/bin/cmake --install /root/ros2_ws/build/sllidar_ros2
