[0.419s] Invoking command in '/root/ros2_ws/build/sllidar_ros2': CMAKE_PREFIX_PATH=/root/ros2_ws/install/mpu9250:/root/ros2_ws2/install/mpu9250:/opt/ros/humble /usr/bin/cmake /root/ros2_ws/src/sllidar_ros2 -DCMAKE_INSTALL_PREFIX=/root/ros2_ws/install/sllidar_ros2
[0.534s] -- The C compiler identification is GNU 11.4.0
[0.649s] -- The CXX compiler identification is GNU 11.4.0
[0.664s] -- Detecting C compiler ABI info
[0.811s] -- Detecting C compiler ABI info - done
[0.821s] -- Check for working C compiler: /usr/bin/cc - skipped
[0.821s] -- Detecting C compile features
[0.822s] -- Detecting C compile features - done
[0.826s] -- Detecting CXX compiler ABI info
[1.008s] -- Detecting CXX compiler ABI info - done
[1.019s] -- Check for working CXX compiler: /usr/bin/c++ - skipped
[1.019s] -- Detecting CXX compile features
[1.020s] -- Detecting CXX compile features - done
[1.039s] -- Found ament_cmake: 1.3.9 (/opt/ros/humble/share/ament_cmake/cmake)
[1.352s] -- Found Python3: /usr/bin/python3 (found version "3.10.12") found components: Interpreter 
[1.724s] -- Found rclcpp: 16.0.9 (/opt/ros/humble/share/rclcpp/cmake)
[1.864s] -- Found rosidl_generator_c: 3.1.5 (/opt/ros/humble/share/rosidl_generator_c/cmake)
[1.886s] -- Found rosidl_adapter: 3.1.5 (/opt/ros/humble/share/rosidl_adapter/cmake)
[1.911s] -- Found rosidl_generator_cpp: 3.1.5 (/opt/ros/humble/share/rosidl_generator_cpp/cmake)
[1.950s] -- Using all available rosidl_typesupport_c: rosidl_typesupport_fastrtps_c;rosidl_typesupport_introspection_c
[2.012s] -- Using all available rosidl_typesupport_cpp: rosidl_typesupport_fastrtps_cpp;rosidl_typesupport_introspection_cpp
[2.196s] -- Found rmw_implementation_cmake: 6.1.2 (/opt/ros/humble/share/rmw_implementation_cmake/cmake)
[2.205s] -- Found rmw_fastrtps_cpp: 6.2.6 (/opt/ros/humble/share/rmw_fastrtps_cpp/cmake)
[2.482s] -- Found OpenSSL: /usr/lib/aarch64-linux-gnu/libcrypto.so (found version "3.0.2")  
[2.536s] -- Found FastRTPS: /opt/ros/humble/include  
[2.631s] -- Using RMW implementation 'rmw_fastrtps_cpp' as default
[2.677s] -- Looking for pthread.h
[2.855s] -- Looking for pthread.h - found
[2.856s] -- Performing Test CMAKE_HAVE_LIBC_PTHREAD
[3.020s] -- Performing Test CMAKE_HAVE_LIBC_PTHREAD - Success
[3.021s] -- Found Threads: TRUE  
[3.357s] -- Found sensor_msgs: 4.2.4 (/opt/ros/humble/share/sensor_msgs/cmake)
[3.599s] -- Found std_srvs: 4.2.4 (/opt/ros/humble/share/std_srvs/cmake)
[3.778s] -- Configuring done
[3.804s] -- Generating done
[3.806s] -- Build files have been written to: /root/ros2_ws/build/sllidar_ros2
[3.825s] Invoked command in '/root/ros2_ws/build/sllidar_ros2' returned '0': CMAKE_PREFIX_PATH=/root/ros2_ws/install/mpu9250:/root/ros2_ws2/install/mpu9250:/opt/ros/humble /usr/bin/cmake /root/ros2_ws/src/sllidar_ros2 -DCMAKE_INSTALL_PREFIX=/root/ros2_ws/install/sllidar_ros2
[3.828s] Invoking command in '/root/ros2_ws/build/sllidar_ros2': CMAKE_PREFIX_PATH=/root/ros2_ws/install/mpu9250:/root/ros2_ws2/install/mpu9250:/opt/ros/humble /usr/bin/cmake --build /root/ros2_ws/build/sllidar_ros2 -- -j4 -l4
[3.936s] [ 15%] [32mBuilding CXX object CMakeFiles/sllidar_node.dir/src/sllidar_node.cpp.o[0m
[3.936s] [ 15%] [32mBuilding CXX object CMakeFiles/sllidar_node.dir/sdk/src/arch/linux/net_serial.cpp.o[0m
[3.937s] [ 15%] [32mBuilding CXX object CMakeFiles/sllidar_client.dir/src/sllidar_client.cpp.o[0m
[3.939s] [ 20%] [32mBuilding CXX object CMakeFiles/sllidar_node.dir/sdk/src/arch/linux/net_socket.cpp.o[0m
[5.238s] In file included from [01m[K/root/ros2_ws/src/sllidar_ros2/./sdk/include/rplidar_protocol.h:36[m[K,
[5.238s]                  from [01m[K/root/ros2_ws/src/sllidar_ros2/./sdk/include/rplidar.h:39[m[K,
[5.238s]                  from [01m[K/root/ros2_ws/src/sllidar_ros2/./sdk/src/sdkcommon.h:49[m[K,
[5.238s]                  from [01m[K/root/ros2_ws/src/sllidar_ros2/sdk/src/arch/linux/net_socket.cpp:10[m[K:
[5.238s] [01m[K/root/ros2_ws/src/sllidar_ros2/./sdk/include/sl_lidar_protocol.h:66:16:[m[K [01;35m[Kwarning: [m[KISO C++ forbids zero-size array ‘[01m[Kdata[m[K’ [[01;35m[K-Wpedantic[m[K]
[5.238s]    66 |     sl_u8 data[[01;35m[K0[m[K];
[5.238s]       |                [01;35m[K^[m[K
[5.238s] In file included from [01m[K/root/ros2_ws/src/sllidar_ros2/./sdk/include/rplidar_cmd.h:36[m[K,
[5.239s]                  from [01m[K/root/ros2_ws/src/sllidar_ros2/./sdk/include/rplidar.h:40[m[K,
[5.239s]                  from [01m[K/root/ros2_ws/src/sllidar_ros2/./sdk/src/sdkcommon.h:49[m[K,
[5.239s]                  from [01m[K/root/ros2_ws/src/sllidar_ros2/sdk/src/arch/linux/net_socket.cpp:10[m[K:
[5.239s] [01m[K/root/ros2_ws/src/sllidar_ros2/./sdk/include/sl_lidar_cmd.h:324:20:[m[K [01;35m[Kwarning: [m[KISO C++ forbids zero-size array ‘[01m[Kpayload[m[K’ [[01;35m[K-Wpedantic[m[K]
[5.239s]   324 |     sl_u8  payload[[01;35m[K0[m[K];
[5.239s]       |                    [01;35m[K^[m[K
[5.350s] In file included from [01m[K/root/ros2_ws/src/sllidar_ros2/./sdk/src/arch/linux/arch_linux.h:42[m[K,
[5.351s]                  from [01m[K/root/ros2_ws/src/sllidar_ros2/./sdk/src/sdkcommon.h:41[m[K,
[5.351s]                  from [01m[K/root/ros2_ws/src/sllidar_ros2/sdk/src/arch/linux/net_socket.cpp:10[m[K:
[5.351s] [01m[K/root/ros2_ws/src/sllidar_ros2/sdk/src/arch/linux/net_socket.cpp:[m[K In member function ‘[01m[Kvirtual u_result rp::arch::net::DGramSocketImpl::sendTo(const rp::net::SocketAddress*, const void*, size_t)[m[K’:
[5.351s] [01m[K/root/ros2_ws/src/sllidar_ros2/sdk/src/arch/linux/net_socket.cpp:733:24:[m[K [01;35m[Kwarning: [m[Kcomparison of integer expressions of different signedness: ‘[01m[Kint[m[K’ and ‘[01m[Ksize_t[m[K’ {aka ‘[01m[Klong unsigned int[m[K’} [[01;35m[K-Wsign-compare[m[K]
[5.351s]   733 |             assert([01;35m[Kans == len[m[K);
[5.351s]       |                    [01;35m[K~~~~^~~~~~[m[K
[5.512s] [01m[K/root/ros2_ws/src/sllidar_ros2/sdk/src/arch/linux/net_serial.cpp:[m[K In member function ‘[01m[Kbool rp::arch::net::raw_serial::open(const char*, uint32_t, uint32_t)[m[K’:
[5.515s] [01m[K/root/ros2_ws/src/sllidar_ros2/sdk/src/arch/linux/net_serial.cpp:97:74:[m[K [01;35m[Kwarning: [m[Kunused parameter ‘[01m[Kflags[m[K’ [[01;35m[K-Wunused-parameter[m[K]
[5.515s]    97 | bool raw_serial::open(const char * portname, uint32_t baudrate, [01;35m[Kuint32_t flags[m[K)
[5.516s]       |                                                                 [01;35m[K~~~~~~~~~^~~~~[m[K
[5.516s] [01m[K/root/ros2_ws/src/sllidar_ros2/sdk/src/arch/linux/net_serial.cpp:[m[K In member function ‘[01m[Kvirtual void rp::arch::net::raw_serial::flush(_u32)[m[K’:
[5.516s] [01m[K/root/ros2_ws/src/sllidar_ros2/sdk/src/arch/linux/net_serial.cpp:281:30:[m[K [01;35m[Kwarning: [m[Kunused parameter ‘[01m[Kflags[m[K’ [[01;35m[K-Wunused-parameter[m[K]
[5.516s]   281 | void raw_serial::flush( [01;35m[K_u32 flags[m[K)
[5.516s]       |                         [01;35m[K~~~~~^~~~~[m[K
[5.516s] [01m[K/root/ros2_ws/src/sllidar_ros2/sdk/src/arch/linux/net_serial.cpp:[m[K In member function ‘[01m[Kvirtual int rp::arch::net::raw_serial::waitforsent(_u32, size_t*)[m[K’:
[5.516s] [01m[K/root/ros2_ws/src/sllidar_ros2/sdk/src/arch/linux/net_serial.cpp:286:34:[m[K [01;35m[Kwarning: [m[Kunused parameter ‘[01m[Ktimeout[m[K’ [[01;35m[K-Wunused-parameter[m[K]
[5.517s]   286 | int raw_serial::waitforsent([01;35m[K_u32 timeout[m[K, size_t * returned_size)
[5.517s]       |                             [01;35m[K~~~~~^~~~~~~[m[K
[5.517s] [01m[K/root/ros2_ws/src/sllidar_ros2/sdk/src/arch/linux/net_serial.cpp:[m[K In member function ‘[01m[Kvirtual int rp::arch::net::raw_serial::waitforrecv(_u32, size_t*)[m[K’:
[5.517s] [01m[K/root/ros2_ws/src/sllidar_ros2/sdk/src/arch/linux/net_serial.cpp:292:34:[m[K [01;35m[Kwarning: [m[Kunused parameter ‘[01m[Ktimeout[m[K’ [[01;35m[K-Wunused-parameter[m[K]
[5.523s]   292 | int raw_serial::waitforrecv([01;35m[K_u32 timeout[m[K, size_t * returned_size)
[5.525s]       |                             [01;35m[K~~~~~^~~~~~~[m[K
[5.528s] [01m[K/root/ros2_ws/src/sllidar_ros2/sdk/src/arch/linux/net_serial.cpp:[m[K In member function ‘[01m[Kvirtual void rp::arch::net::raw_serial::cancelOperation()[m[K’:
[5.528s] [01m[K/root/ros2_ws/src/sllidar_ros2/sdk/src/arch/linux/net_serial.cpp:427:5:[m[K [01;35m[Kwarning: [m[Kvalue computed is not used [[01;35m[K-Wunused-value[m[K]
[5.528s]   427 |     [01;35m[K(int)::write(_selfpipe[1], "x", 1)[m[K;
[5.529s]       |     [01;35m[K^~~~~~~~~~~~~~~~~~~~~~~~~~~~~~~~~~[m[K
[5.767s] [ 25%] [32mBuilding CXX object CMakeFiles/sllidar_node.dir/sdk/src/arch/linux/timer.cpp.o[0m
[5.850s] [ 30%] [32mBuilding CXX object CMakeFiles/sllidar_node.dir/sdk/src/dataunpacker/dataunpacker.cpp.o[0m
[6.731s] In file included from [01m[K/root/ros2_ws/src/sllidar_ros2/./sdk/include/rplidar_protocol.h:36[m[K,
[6.731s]                  from [01m[K/root/ros2_ws/src/sllidar_ros2/./sdk/include/rplidar.h:39[m[K,
[6.732s]                  from [01m[K/root/ros2_ws/src/sllidar_ros2/./sdk/src/sdkcommon.h:49[m[K,
[6.732s]                  from [01m[K/root/ros2_ws/src/sllidar_ros2/sdk/src/dataunpacker/dataunnpacker_commondef.h:41[m[K,
[6.732s]                  from [01m[K/root/ros2_ws/src/sllidar_ros2/sdk/src/dataunpacker/dataunpacker.cpp:39[m[K:
[6.732s] [01m[K/root/ros2_ws/src/sllidar_ros2/./sdk/include/sl_lidar_protocol.h:66:16:[m[K [01;35m[Kwarning: [m[KISO C++ forbids zero-size array ‘[01m[Kdata[m[K’ [[01;35m[K-Wpedantic[m[K]
[6.734s]    66 |     sl_u8 data[[01;35m[K0[m[K];
[6.734s]       |                [01;35m[K^[m[K
[6.735s] In file included from [01m[K/root/ros2_ws/src/sllidar_ros2/./sdk/include/rplidar_cmd.h:36[m[K,
[6.735s]                  from [01m[K/root/ros2_ws/src/sllidar_ros2/./sdk/include/rplidar.h:40[m[K,
[6.735s]                  from [01m[K/root/ros2_ws/src/sllidar_ros2/./sdk/src/sdkcommon.h:49[m[K,
[6.735s]                  from [01m[K/root/ros2_ws/src/sllidar_ros2/sdk/src/dataunpacker/dataunnpacker_commondef.h:41[m[K,
[6.735s]                  from [01m[K/root/ros2_ws/src/sllidar_ros2/sdk/src/dataunpacker/dataunpacker.cpp:39[m[K:
[6.735s] [01m[K/root/ros2_ws/src/sllidar_ros2/./sdk/include/sl_lidar_cmd.h:324:20:[m[K [01;35m[Kwarning: [m[KISO C++ forbids zero-size array ‘[01m[Kpayload[m[K’ [[01;35m[K-Wpedantic[m[K]
[6.735s]   324 |     sl_u8  payload[[01;35m[K0[m[K];
[6.735s]       |                    [01;35m[K^[m[K
[6.791s] [ 35%] [32mBuilding CXX object CMakeFiles/sllidar_node.dir/sdk/src/dataunpacker/unpacker/handler_capsules.cpp.o[0m
[7.170s] In file included from [01m[K/root/ros2_ws/src/sllidar_ros2/sdk/src/dataunpacker/dataunpacker.cpp:40[m[K:
[7.170s] [01m[K/root/ros2_ws/src/sllidar_ros2/sdk/src/dataunpacker/dataunpacker.h:[m[K In member function ‘[01m[Kvirtual void sl::internal::LIDARSampleDataListener::onCustomSampleDataDecoded(_u8, _u32, const void*, size_t)[m[K’:
[7.171s] [01m[K/root/ros2_ws/src/sllidar_ros2/sdk/src/dataunpacker/dataunpacker.h:54:52:[m[K [01;35m[Kwarning: [m[Kunused parameter ‘[01m[KansType[m[K’ [[01;35m[K-Wunused-parameter[m[K]
[7.171s]    54 |         virtual void onCustomSampleDataDecoded([01;35m[K_u8 ansType[m[K, _u32 customCode, const void* data, size_t size) {}
[7.171s]       |                                                [01;35m[K~~~~^~~~~~~[m[K
[7.171s] [01m[K/root/ros2_ws/src/sllidar_ros2/sdk/src/dataunpacker/dataunpacker.h:54:66:[m[K [01;35m[Kwarning: [m[Kunused parameter ‘[01m[KcustomCode[m[K’ [[01;35m[K-Wunused-parameter[m[K]
[7.171s]    54 |         virtual void onCustomSampleDataDecoded(_u8 ansType, [01;35m[K_u32 customCode[m[K, const void* data, size_t size) {}
[7.171s]       |                                                             [01;35m[K~~~~~^~~~~~~~~~[m[K
[7.171s] [01m[K/root/ros2_ws/src/sllidar_ros2/sdk/src/dataunpacker/dataunpacker.h:54:90:[m[K [01;35m[Kwarning: [m[Kunused parameter ‘[01m[Kdata[m[K’ [[01;35m[K-Wunused-parameter[m[K]
[7.172s]    54 |         virtual void onCustomSampleDataDecoded(_u8 ansType, _u32 customCode, [01;35m[Kconst void* data[m[K, size_t size) {}
[7.172s]       |                                                                              [01;35m[K~~~~~~~~~~~~^~~~[m[K
[7.172s] [01m[K/root/ros2_ws/src/sllidar_ros2/sdk/src/dataunpacker/dataunpacker.h:54:103:[m[K [01;35m[Kwarning: [m[Kunused parameter ‘[01m[Ksize[m[K’ [[01;35m[K-Wunused-parameter[m[K]
[7.172s]    54 |         virtual void onCustomSampleDataDecoded(_u8 ansType, _u32 customCode, const void* data, [01;35m[Ksize_t size[m[K) {}
[7.172s]       |                                                                                                [01;35m[K~~~~~~~^~~~[m[K
[7.172s] [01m[K/root/ros2_ws/src/sllidar_ros2/sdk/src/dataunpacker/dataunpacker.h:[m[K In member function ‘[01m[Kvirtual void sl::internal::LIDARSampleDataListener::onDecodingError(int, _u8, const void*, size_t)[m[K’:
[7.172s] [01m[K/root/ros2_ws/src/sllidar_ros2/sdk/src/dataunpacker/dataunpacker.h:56:42:[m[K [01;35m[Kwarning: [m[Kunused parameter ‘[01m[KerrMsg[m[K’ [[01;35m[K-Wunused-parameter[m[K]
[7.172s]    56 |         virtual void onDecodingError([01;35m[Kint errMsg[m[K, _u8 ansType, const void* payload, size_t size) {}
[7.172s]       |                                      [01;35m[K~~~~^~~~~~[m[K
[7.173s] [01m[K/root/ros2_ws/src/sllidar_ros2/sdk/src/dataunpacker/dataunpacker.h:56:54:[m[K [01;35m[Kwarning: [m[Kunused parameter ‘[01m[KansType[m[K’ [[01;35m[K-Wunused-parameter[m[K]
[7.173s]    56 |         virtual void onDecodingError(int errMsg, [01;35m[K_u8 ansType[m[K, const void* payload, size_t size) {}
[7.173s]       |                                                  [01;35m[K~~~~^~~~~~~[m[K
[7.176s] [01m[K/root/ros2_ws/src/sllidar_ros2/sdk/src/dataunpacker/dataunpacker.h:56:75:[m[K [01;35m[Kwarning: [m[Kunused parameter ‘[01m[Kpayload[m[K’ [[01;35m[K-Wunused-parameter[m[K]
[7.176s]    56 |         virtual void onDecodingError(int errMsg, _u8 ansType, [01;35m[Kconst void* payload[m[K, size_t size) {}
[7.177s]       |                                                               [01;35m[K~~~~~~~~~~~~^~~~~~~[m[K
[7.177s] [01m[K/root/ros2_ws/src/sllidar_ros2/sdk/src/dataunpacker/dataunpacker.h:56:91:[m[K [01;35m[Kwarning: [m[Kunused parameter ‘[01m[Ksize[m[K’ [[01;35m[K-Wunused-parameter[m[K]
[7.177s]    56 |         virtual void onDecodingError(int errMsg, _u8 ansType, const void* payload, [01;35m[Ksize_t size[m[K) {}
[7.177s]       |                                                                                    [01;35m[K~~~~~~~^~~~[m[K
[7.675s] In file included from [01m[K/root/ros2_ws/src/sllidar_ros2/./sdk/include/rplidar_protocol.h:36[m[K,
[7.675s]                  from [01m[K/root/ros2_ws/src/sllidar_ros2/./sdk/include/rplidar.h:39[m[K,
[7.676s]                  from [01m[K/root/ros2_ws/src/sllidar_ros2/./sdk/src/sdkcommon.h:49[m[K,
[7.676s]                  from [01m[K/root/ros2_ws/src/sllidar_ros2/sdk/src/dataunpacker/unpacker/../dataunnpacker_commondef.h:41[m[K,
[7.676s]                  from [01m[K/root/ros2_ws/src/sllidar_ros2/sdk/src/dataunpacker/unpacker/handler_capsules.cpp:39[m[K:
[7.676s] [01m[K/root/ros2_ws/src/sllidar_ros2/./sdk/include/sl_lidar_protocol.h:66:16:[m[K [01;35m[Kwarning: [m[KISO C++ forbids zero-size array ‘[01m[Kdata[m[K’ [[01;35m[K-Wpedantic[m[K]
[7.676s]    66 |     sl_u8 data[[01;35m[K0[m[K];
[7.678s]       |                [01;35m[K^[m[K
[7.678s] In file included from [01m[K/root/ros2_ws/src/sllidar_ros2/./sdk/include/rplidar_cmd.h:36[m[K,
[7.678s]                  from [01m[K/root/ros2_ws/src/sllidar_ros2/./sdk/include/rplidar.h:40[m[K,
[7.679s]                  from [01m[K/root/ros2_ws/src/sllidar_ros2/./sdk/src/sdkcommon.h:49[m[K,
[7.679s]                  from [01m[K/root/ros2_ws/src/sllidar_ros2/sdk/src/dataunpacker/unpacker/../dataunnpacker_commondef.h:41[m[K,
[7.679s]                  from [01m[K/root/ros2_ws/src/sllidar_ros2/sdk/src/dataunpacker/unpacker/handler_capsules.cpp:39[m[K:
[7.680s] [01m[K/root/ros2_ws/src/sllidar_ros2/./sdk/include/sl_lidar_cmd.h:324:20:[m[K [01;35m[Kwarning: [m[KISO C++ forbids zero-size array ‘[01m[Kpayload[m[K’ [[01;35m[K-Wpedantic[m[K]
[7.681s]   324 |     sl_u8  payload[[01;35m[K0[m[K];
[7.682s]       |                    [01;35m[K^[m[K
[7.707s] [ 40%] [32mBuilding CXX object CMakeFiles/sllidar_node.dir/sdk/src/dataunpacker/unpacker/handler_hqnode.cpp.o[0m
[8.107s] In file included from [01m[K/root/ros2_ws/src/sllidar_ros2/sdk/src/dataunpacker/unpacker/handler_capsules.cpp:40[m[K:
[8.108s] [01m[K/root/ros2_ws/src/sllidar_ros2/sdk/src/dataunpacker/unpacker/../dataunpacker.h:[m[K In member function ‘[01m[Kvirtual void sl::internal::LIDARSampleDataListener::onCustomSampleDataDecoded(_u8, _u32, const void*, size_t)[m[K’:
[8.108s] [01m[K/root/ros2_ws/src/sllidar_ros2/sdk/src/dataunpacker/unpacker/../dataunpacker.h:54:52:[m[K [01;35m[Kwarning: [m[Kunused parameter ‘[01m[KansType[m[K’ [[01;35m[K-Wunused-parameter[m[K]
[8.108s]    54 |         virtual void onCustomSampleDataDecoded([01;35m[K_u8 ansType[m[K, _u32 customCode, const void* data, size_t size) {}
[8.108s]       |                                                [01;35m[K~~~~^~~~~~~[m[K
[8.109s] [01m[K/root/ros2_ws/src/sllidar_ros2/sdk/src/dataunpacker/unpacker/../dataunpacker.h:54:66:[m[K [01;35m[Kwarning: [m[Kunused parameter ‘[01m[KcustomCode[m[K’ [[01;35m[K-Wunused-parameter[m[K]
[8.109s]    54 |         virtual void onCustomSampleDataDecoded(_u8 ansType, [01;35m[K_u32 customCode[m[K, const void* data, size_t size) {}
[8.109s]       |                                                             [01;35m[K~~~~~^~~~~~~~~~[m[K
[8.109s] [01m[K/root/ros2_ws/src/sllidar_ros2/sdk/src/dataunpacker/unpacker/../dataunpacker.h:54:90:[m[K [01;35m[Kwarning: [m[Kunused parameter ‘[01m[Kdata[m[K’ [[01;35m[K-Wunused-parameter[m[K]
[8.109s]    54 |         virtual void onCustomSampleDataDecoded(_u8 ansType, _u32 customCode, [01;35m[Kconst void* data[m[K, size_t size) {}
[8.109s]       |                                                                              [01;35m[K~~~~~~~~~~~~^~~~[m[K
[8.109s] [01m[K/root/ros2_ws/src/sllidar_ros2/sdk/src/dataunpacker/unpacker/../dataunpacker.h:54:103:[m[K [01;35m[Kwarning: [m[Kunused parameter ‘[01m[Ksize[m[K’ [[01;35m[K-Wunused-parameter[m[K]
[8.109s]    54 |         virtual void onCustomSampleDataDecoded(_u8 ansType, _u32 customCode, const void* data, [01;35m[Ksize_t size[m[K) {}
[8.109s]       |                                                                                                [01;35m[K~~~~~~~^~~~[m[K
[8.110s] [01m[K/root/ros2_ws/src/sllidar_ros2/sdk/src/dataunpacker/unpacker/../dataunpacker.h:[m[K In member function ‘[01m[Kvirtual void sl::internal::LIDARSampleDataListener::onDecodingError(int, _u8, const void*, size_t)[m[K’:
[8.110s] [01m[K/root/ros2_ws/src/sllidar_ros2/sdk/src/dataunpacker/unpacker/../dataunpacker.h:56:42:[m[K [01;35m[Kwarning: [m[Kunused parameter ‘[01m[KerrMsg[m[K’ [[01;35m[K-Wunused-parameter[m[K]
[8.110s]    56 |         virtual void onDecodingError([01;35m[Kint errMsg[m[K, _u8 ansType, const void* payload, size_t size) {}
[8.110s]       |                                      [01;35m[K~~~~^~~~~~[m[K
[8.110s] [01m[K/root/ros2_ws/src/sllidar_ros2/sdk/src/dataunpacker/unpacker/../dataunpacker.h:56:54:[m[K [01;35m[Kwarning: [m[Kunused parameter ‘[01m[KansType[m[K’ [[01;35m[K-Wunused-parameter[m[K]
[8.110s]    56 |         virtual void onDecodingError(int errMsg, [01;35m[K_u8 ansType[m[K, const void* payload, size_t size) {}
[8.110s]       |                                                  [01;35m[K~~~~^~~~~~~[m[K
[8.110s] [01m[K/root/ros2_ws/src/sllidar_ros2/sdk/src/dataunpacker/unpacker/../dataunpacker.h:56:75:[m[K [01;35m[Kwarning: [m[Kunused parameter ‘[01m[Kpayload[m[K’ [[01;35m[K-Wunused-parameter[m[K]
[8.110s]    56 |         virtual void onDecodingError(int errMsg, _u8 ansType, [01;35m[Kconst void* payload[m[K, size_t size) {}
[8.110s]       |                                                               [01;35m[K~~~~~~~~~~~~^~~~~~~[m[K
[8.111s] [01m[K/root/ros2_ws/src/sllidar_ros2/sdk/src/dataunpacker/unpacker/../dataunpacker.h:56:91:[m[K [01;35m[Kwarning: [m[Kunused parameter ‘[01m[Ksize[m[K’ [[01;35m[K-Wunused-parameter[m[K]
[8.111s]    56 |         virtual void onDecodingError(int errMsg, _u8 ansType, const void* payload, [01;35m[Ksize_t size[m[K) {}
[8.111s]       |                                                                                    [01;35m[K~~~~~~~^~~~[m[K
[8.135s] [01m[K/root/ros2_ws/src/sllidar_ros2/sdk/src/dataunpacker/unpacker/handler_capsules.cpp:[m[K In member function ‘[01m[Kvoid sl::internal::unpacker::UnpackerHandler_DenseCapsuleNode::_onScanNodeDenseCapsuleData(rplidar_response_dense_capsule_measurement_nodes_t&, sl::internal::LIDARSampleDataUnpackerInner*)[m[K’:
[8.135s] [01m[K/root/ros2_ws/src/sllidar_ros2/sdk/src/dataunpacker/unpacker/handler_capsules.cpp:763:30:[m[K [01;35m[Kwarning: [m[Ktype qualifiers ignored on cast result type [[01;35m[K-Wignored-qualifiers[m[K]
[8.135s]   763 |             const int dist = [01;35m[Kstatic_cast<const int>(_cached_previous_dense_capsuledata.cabins[pos].distance)[m[K;
[8.135s]       |                              [01;35m[K^~~~~~~~~~~~~~~~~~~~~~~~~~~~~~~~~~~~~~~~~~~~~~~~~~~~~~~~~~~~~~~~~~~~~~~~~~~~~~~[m[K
[8.555s] [ 45%] [32mBuilding CXX object CMakeFiles/sllidar_node.dir/sdk/src/dataunpacker/unpacker/handler_normalnode.cpp.o[0m
[8.666s] In file included from [01m[K/root/ros2_ws/src/sllidar_ros2/./sdk/include/rplidar_protocol.h:36[m[K,
[8.666s]                  from [01m[K/root/ros2_ws/src/sllidar_ros2/./sdk/include/rplidar.h:39[m[K,
[8.666s]                  from [01m[K/root/ros2_ws/src/sllidar_ros2/./sdk/src/sdkcommon.h:49[m[K,
[8.666s]                  from [01m[K/root/ros2_ws/src/sllidar_ros2/sdk/src/dataunpacker/unpacker/../dataunnpacker_commondef.h:41[m[K,
[8.666s]                  from [01m[K/root/ros2_ws/src/sllidar_ros2/sdk/src/dataunpacker/unpacker/handler_hqnode.cpp:39[m[K:
[8.667s] [01m[K/root/ros2_ws/src/sllidar_ros2/./sdk/include/sl_lidar_protocol.h:66:16:[m[K [01;35m[Kwarning: [m[KISO C++ forbids zero-size array ‘[01m[Kdata[m[K’ [[01;35m[K-Wpedantic[m[K]
[8.667s]    66 |     sl_u8 data[[01;35m[K0[m[K];
[8.667s]       |                [01;35m[K^[m[K
[8.667s] In file included from [01m[K/root/ros2_ws/src/sllidar_ros2/./sdk/include/rplidar_cmd.h:36[m[K,
[8.667s]                  from [01m[K/root/ros2_ws/src/sllidar_ros2/./sdk/include/rplidar.h:40[m[K,
[8.667s]                  from [01m[K/root/ros2_ws/src/sllidar_ros2/./sdk/src/sdkcommon.h:49[m[K,
[8.667s]                  from [01m[K/root/ros2_ws/src/sllidar_ros2/sdk/src/dataunpacker/unpacker/../dataunnpacker_commondef.h:41[m[K,
[8.667s]                  from [01m[K/root/ros2_ws/src/sllidar_ros2/sdk/src/dataunpacker/unpacker/handler_hqnode.cpp:39[m[K:
[8.667s] [01m[K/root/ros2_ws/src/sllidar_ros2/./sdk/include/sl_lidar_cmd.h:324:20:[m[K [01;35m[Kwarning: [m[KISO C++ forbids zero-size array ‘[01m[Kpayload[m[K’ [[01;35m[K-Wpedantic[m[K]
[8.667s]   324 |     sl_u8  payload[[01;35m[K0[m[K];
[8.667s]       |                    [01;35m[K^[m[K
[9.049s] In file included from [01m[K/root/ros2_ws/src/sllidar_ros2/sdk/src/dataunpacker/unpacker/handler_hqnode.cpp:40[m[K:
[9.054s] [01m[K/root/ros2_ws/src/sllidar_ros2/sdk/src/dataunpacker/unpacker/../dataunpacker.h:[m[K In member function ‘[01m[Kvirtual void sl::internal::LIDARSampleDataListener::onCustomSampleDataDecoded(_u8, _u32, const void*, size_t)[m[K’:
[9.055s] [01m[K/root/ros2_ws/src/sllidar_ros2/sdk/src/dataunpacker/unpacker/../dataunpacker.h:54:52:[m[K [01;35m[Kwarning: [m[Kunused parameter ‘[01m[KansType[m[K’ [[01;35m[K-Wunused-parameter[m[K]
[9.055s]    54 |         virtual void onCustomSampleDataDecoded([01;35m[K_u8 ansType[m[K, _u32 customCode, const void* data, size_t size) {}
[9.055s]       |                                                [01;35m[K~~~~^~~~~~~[m[K
[9.056s] [01m[K/root/ros2_ws/src/sllidar_ros2/sdk/src/dataunpacker/unpacker/../dataunpacker.h:54:66:[m[K [01;35m[Kwarning: [m[Kunused parameter ‘[01m[KcustomCode[m[K’ [[01;35m[K-Wunused-parameter[m[K]
[9.056s]    54 |         virtual void onCustomSampleDataDecoded(_u8 ansType, [01;35m[K_u32 customCode[m[K, const void* data, size_t size) {}
[9.056s]       |                                                             [01;35m[K~~~~~^~~~~~~~~~[m[K
[9.056s] [01m[K/root/ros2_ws/src/sllidar_ros2/sdk/src/dataunpacker/unpacker/../dataunpacker.h:54:90:[m[K [01;35m[Kwarning: [m[Kunused parameter ‘[01m[Kdata[m[K’ [[01;35m[K-Wunused-parameter[m[K]
[9.056s]    54 |         virtual void onCustomSampleDataDecoded(_u8 ansType, _u32 customCode, [01;35m[Kconst void* data[m[K, size_t size) {}
[9.056s]       |                                                                              [01;35m[K~~~~~~~~~~~~^~~~[m[K
[9.056s] [01m[K/root/ros2_ws/src/sllidar_ros2/sdk/src/dataunpacker/unpacker/../dataunpacker.h:54:103:[m[K [01;35m[Kwarning: [m[Kunused parameter ‘[01m[Ksize[m[K’ [[01;35m[K-Wunused-parameter[m[K]
[9.057s]    54 |         virtual void onCustomSampleDataDecoded(_u8 ansType, _u32 customCode, const void* data, [01;35m[Ksize_t size[m[K) {}
[9.057s]       |                                                                                                [01;35m[K~~~~~~~^~~~[m[K
[9.057s] [01m[K/root/ros2_ws/src/sllidar_ros2/sdk/src/dataunpacker/unpacker/../dataunpacker.h:[m[K In member function ‘[01m[Kvirtual void sl::internal::LIDARSampleDataListener::onDecodingError(int, _u8, const void*, size_t)[m[K’:
[9.057s] [01m[K/root/ros2_ws/src/sllidar_ros2/sdk/src/dataunpacker/unpacker/../dataunpacker.h:56:42:[m[K [01;35m[Kwarning: [m[Kunused parameter ‘[01m[KerrMsg[m[K’ [[01;35m[K-Wunused-parameter[m[K]
[9.059s]    56 |         virtual void onDecodingError([01;35m[Kint errMsg[m[K, _u8 ansType, const void* payload, size_t size) {}
[9.059s]       |                                      [01;35m[K~~~~^~~~~~[m[K
[9.060s] [01m[K/root/ros2_ws/src/sllidar_ros2/sdk/src/dataunpacker/unpacker/../dataunpacker.h:56:54:[m[K [01;35m[Kwarning: [m[Kunused parameter ‘[01m[KansType[m[K’ [[01;35m[K-Wunused-parameter[m[K]
[9.060s]    56 |         virtual void onDecodingError(int errMsg, [01;35m[K_u8 ansType[m[K, const void* payload, size_t size) {}
[9.060s]       |                                                  [01;35m[K~~~~^~~~~~~[m[K
[9.060s] [01m[K/root/ros2_ws/src/sllidar_ros2/sdk/src/dataunpacker/unpacker/../dataunpacker.h:56:75:[m[K [01;35m[Kwarning: [m[Kunused parameter ‘[01m[Kpayload[m[K’ [[01;35m[K-Wunused-parameter[m[K]
[9.060s]    56 |         virtual void onDecodingError(int errMsg, _u8 ansType, [01;35m[Kconst void* payload[m[K, size_t size) {}
[9.060s]       |                                                               [01;35m[K~~~~~~~~~~~~^~~~~~~[m[K
[9.060s] [01m[K/root/ros2_ws/src/sllidar_ros2/sdk/src/dataunpacker/unpacker/../dataunpacker.h:56:91:[m[K [01;35m[Kwarning: [m[Kunused parameter ‘[01m[Ksize[m[K’ [[01;35m[K-Wunused-parameter[m[K]
[9.060s]    56 |         virtual void onDecodingError(int errMsg, _u8 ansType, const void* payload, [01;35m[Ksize_t size[m[K) {}
[9.061s]       |                                                                                    [01;35m[K~~~~~~~^~~~[m[K
[9.320s] [ 50%] [32mBuilding CXX object CMakeFiles/sllidar_node.dir/sdk/src/hal/thread.cpp.o[0m
[9.379s] In file included from [01m[K/root/ros2_ws/src/sllidar_ros2/./sdk/include/rplidar_protocol.h:36[m[K,
[9.379s]                  from [01m[K/root/ros2_ws/src/sllidar_ros2/./sdk/include/rplidar.h:39[m[K,
[9.380s]                  from [01m[K/root/ros2_ws/src/sllidar_ros2/./sdk/src/sdkcommon.h:49[m[K,
[9.380s]                  from [01m[K/root/ros2_ws/src/sllidar_ros2/sdk/src/dataunpacker/unpacker/../dataunnpacker_commondef.h:41[m[K,
[9.380s]                  from [01m[K/root/ros2_ws/src/sllidar_ros2/sdk/src/dataunpacker/unpacker/handler_normalnode.cpp:39[m[K:
[9.380s] [01m[K/root/ros2_ws/src/sllidar_ros2/./sdk/include/sl_lidar_protocol.h:66:16:[m[K [01;35m[Kwarning: [m[KISO C++ forbids zero-size array ‘[01m[Kdata[m[K’ [[01;35m[K-Wpedantic[m[K]
[9.380s]    66 |     sl_u8 data[[01;35m[K0[m[K];
[9.380s]       |                [01;35m[K^[m[K
[9.380s] In file included from [01m[K/root/ros2_ws/src/sllidar_ros2/./sdk/include/rplidar_cmd.h:36[m[K,
[9.380s]                  from [01m[K/root/ros2_ws/src/sllidar_ros2/./sdk/include/rplidar.h:40[m[K,
[9.380s]                  from [01m[K/root/ros2_ws/src/sllidar_ros2/./sdk/src/sdkcommon.h:49[m[K,
[9.380s]                  from [01m[K/root/ros2_ws/src/sllidar_ros2/sdk/src/dataunpacker/unpacker/../dataunnpacker_commondef.h:41[m[K,
[9.380s]                  from [01m[K/root/ros2_ws/src/sllidar_ros2/sdk/src/dataunpacker/unpacker/handler_normalnode.cpp:39[m[K:
[9.381s] [01m[K/root/ros2_ws/src/sllidar_ros2/./sdk/include/sl_lidar_cmd.h:324:20:[m[K [01;35m[Kwarning: [m[KISO C++ forbids zero-size array ‘[01m[Kpayload[m[K’ [[01;35m[K-Wpedantic[m[K]
[9.381s]   324 |     sl_u8  payload[[01;35m[K0[m[K];
[9.381s]       |                    [01;35m[K^[m[K
[9.766s] In file included from [01m[K/root/ros2_ws/src/sllidar_ros2/sdk/src/dataunpacker/unpacker/handler_normalnode.cpp:40[m[K:
[9.768s] [01m[K/root/ros2_ws/src/sllidar_ros2/sdk/src/dataunpacker/unpacker/../dataunpacker.h:[m[K In member function ‘[01m[Kvirtual void sl::internal::LIDARSampleDataListener::onCustomSampleDataDecoded(_u8, _u32, const void*, size_t)[m[K’:
[9.769s] [01m[K/root/ros2_ws/src/sllidar_ros2/sdk/src/dataunpacker/unpacker/../dataunpacker.h:54:52:[m[K [01;35m[Kwarning: [m[Kunused parameter ‘[01m[KansType[m[K’ [[01;35m[K-Wunused-parameter[m[K]
[9.771s]    54 |         virtual void onCustomSampleDataDecoded([01;35m[K_u8 ansType[m[K, _u32 customCode, const void* data, size_t size) {}
[9.777s]       |                                                [01;35m[K~~~~^~~~~~~[m[K
[9.777s] [01m[K/root/ros2_ws/src/sllidar_ros2/sdk/src/dataunpacker/unpacker/../dataunpacker.h:54:66:[m[K [01;35m[Kwarning: [m[Kunused parameter ‘[01m[KcustomCode[m[K’ [[01;35m[K-Wunused-parameter[m[K]
[9.777s]    54 |         virtual void onCustomSampleDataDecoded(_u8 ansType, [01;35m[K_u32 customCode[m[K, const void* data, size_t size) {}
[9.778s]       |                                                             [01;35m[K~~~~~^~~~~~~~~~[m[K
[9.778s] [01m[K/root/ros2_ws/src/sllidar_ros2/sdk/src/dataunpacker/unpacker/../dataunpacker.h:54:90:[m[K [01;35m[Kwarning: [m[Kunused parameter ‘[01m[Kdata[m[K’ [[01;35m[K-Wunused-parameter[m[K]
[9.781s]    54 |         virtual void onCustomSampleDataDecoded(_u8 ansType, _u32 customCode, [01;35m[Kconst void* data[m[K, size_t size) {}
[9.783s]       |                                                                              [01;35m[K~~~~~~~~~~~~^~~~[m[K
[9.786s] [01m[K/root/ros2_ws/src/sllidar_ros2/sdk/src/dataunpacker/unpacker/../dataunpacker.h:54:103:[m[K [01;35m[Kwarning: [m[Kunused parameter ‘[01m[Ksize[m[K’ [[01;35m[K-Wunused-parameter[m[K]
[9.787s]    54 |         virtual void onCustomSampleDataDecoded(_u8 ansType, _u32 customCode, const void* data, [01;35m[Ksize_t size[m[K) {}
[9.787s]       |                                                                                                [01;35m[K~~~~~~~^~~~[m[K
[9.787s] [01m[K/root/ros2_ws/src/sllidar_ros2/sdk/src/dataunpacker/unpacker/../dataunpacker.h:[m[K In member function ‘[01m[Kvirtual void sl::internal::LIDARSampleDataListener::onDecodingError(int, _u8, const void*, size_t)[m[K’:
[9.788s] [01m[K/root/ros2_ws/src/sllidar_ros2/sdk/src/dataunpacker/unpacker/../dataunpacker.h:56:42:[m[K [01;35m[Kwarning: [m[Kunused parameter ‘[01m[KerrMsg[m[K’ [[01;35m[K-Wunused-parameter[m[K]
[9.788s]    56 |         virtual void onDecodingError([01;35m[Kint errMsg[m[K, _u8 ansType, const void* payload, size_t size) {}
[9.788s]       |                                      [01;35m[K~~~~^~~~~~[m[K
[9.788s] [01m[K/root/ros2_ws/src/sllidar_ros2/sdk/src/dataunpacker/unpacker/../dataunpacker.h:56:54:[m[K [01;35m[Kwarning: [m[Kunused parameter ‘[01m[KansType[m[K’ [[01;35m[K-Wunused-parameter[m[K]
[9.788s]    56 |         virtual void onDecodingError(int errMsg, [01;35m[K_u8 ansType[m[K, const void* payload, size_t size) {}
[9.789s]       |                                                  [01;35m[K~~~~^~~~~~~[m[K
[9.789s] [01m[K/root/ros2_ws/src/sllidar_ros2/sdk/src/dataunpacker/unpacker/../dataunpacker.h:56:75:[m[K [01;35m[Kwarning: [m[Kunused parameter ‘[01m[Kpayload[m[K’ [[01;35m[K-Wunused-parameter[m[K]
[9.792s]    56 |         virtual void onDecodingError(int errMsg, _u8 ansType, [01;35m[Kconst void* payload[m[K, size_t size) {}
[9.792s]       |                                                               [01;35m[K~~~~~~~~~~~~^~~~~~~[m[K
[9.793s] [01m[K/root/ros2_ws/src/sllidar_ros2/sdk/src/dataunpacker/unpacker/../dataunpacker.h:56:91:[m[K [01;35m[Kwarning: [m[Kunused parameter ‘[01m[Ksize[m[K’ [[01;35m[K-Wunused-parameter[m[K]
[9.793s]    56 |         virtual void onDecodingError(int errMsg, _u8 ansType, const void* payload, [01;35m[Ksize_t size[m[K) {}
[9.793s]       |                                                                                    [01;35m[K~~~~~~~^~~~[m[K
[10.194s] In file included from [01m[K/root/ros2_ws/src/sllidar_ros2/./sdk/include/rplidar_protocol.h:36[m[K,
[10.194s]                  from [01m[K/root/ros2_ws/src/sllidar_ros2/./sdk/include/rplidar.h:39[m[K,
[10.194s]                  from [01m[K/root/ros2_ws/src/sllidar_ros2/./sdk/src/sdkcommon.h:49[m[K,
[10.194s]                  from [01m[K/root/ros2_ws/src/sllidar_ros2/sdk/src/hal/thread.cpp:35[m[K:
[10.195s] [01m[K/root/ros2_ws/src/sllidar_ros2/./sdk/include/sl_lidar_protocol.h:66:16:[m[K [01;35m[Kwarning: [m[KISO C++ forbids zero-size array ‘[01m[Kdata[m[K’ [[01;35m[K-Wpedantic[m[K]
[10.195s]    66 |     sl_u8 data[[01;35m[K0[m[K];
[10.195s]       |                [01;35m[K^[m[K
[10.196s] In file included from [01m[K/root/ros2_ws/src/sllidar_ros2/./sdk/include/rplidar_cmd.h:36[m[K,
[10.196s]                  from [01m[K/root/ros2_ws/src/sllidar_ros2/./sdk/include/rplidar.h:40[m[K,
[10.196s]                  from [01m[K/root/ros2_ws/src/sllidar_ros2/./sdk/src/sdkcommon.h:49[m[K,
[10.196s]                  from [01m[K/root/ros2_ws/src/sllidar_ros2/sdk/src/hal/thread.cpp:35[m[K:
[10.196s] [01m[K/root/ros2_ws/src/sllidar_ros2/./sdk/include/sl_lidar_cmd.h:324:20:[m[K [01;35m[Kwarning: [m[KISO C++ forbids zero-size array ‘[01m[Kpayload[m[K’ [[01;35m[K-Wpedantic[m[K]
[10.196s]   324 |     sl_u8  payload[[01;35m[K0[m[K];
[10.196s]       |                    [01;35m[K^[m[K
[10.302s] In file included from [01m[K/root/ros2_ws/src/sllidar_ros2/sdk/src/hal/thread.cpp:43[m[K:
[10.302s] [01m[K/root/ros2_ws/src/sllidar_ros2/./sdk/src/arch/linux/thread.hpp:[m[K In static member function ‘[01m[Kstatic rp::hal::Thread rp::hal::Thread::create(thread_proc_t, void*)[m[K’:
[10.302s] [01m[K/root/ros2_ws/src/sllidar_ros2/./sdk/src/arch/linux/thread.hpp:52:57:[m[K [01;35m[Kwarning: [m[Kcast between incompatible function types from ‘[01m[Kthread_proc_t[m[K’ {aka ‘[01m[Klong unsigned int (*)(void*)[m[K’} to ‘[01m[Kvoid* (*)(void*)[m[K’ [[01;35m[K-Wcast-function-type[m[K]
[10.303s]    52 |     pthread_create((pthread_t *)&newborn._handle, NULL, [01;35m[K(void * (*)(void *))proc[m[K, data);
[10.303s]       |                                                         [01;35m[K^~~~~~~~~~~~~~~~~~~~~~~~[m[K
[10.303s] [01m[K/root/ros2_ws/src/sllidar_ros2/./sdk/src/arch/linux/thread.hpp:[m[K In member function ‘[01m[Ku_result rp::hal::Thread::join(long unsigned int)[m[K’:
[10.303s] [01m[K/root/ros2_ws/src/sllidar_ros2/./sdk/src/arch/linux/thread.hpp:176:37:[m[K [01;35m[Kwarning: [m[Kunused parameter ‘[01m[Ktimeout[m[K’ [[01;35m[K-Wunused-parameter[m[K]
[10.304s]   176 | u_result Thread::join([01;35m[Kunsigned long timeout[m[K)
[10.304s]       |                       [01;35m[K~~~~~~~~~~~~~~^~~~~~~[m[K
[10.477s] [ 55%] [32mBuilding CXX object CMakeFiles/sllidar_node.dir/sdk/src/rplidar_driver.cpp.o[0m
[10.565s] [ 60%] [32mBuilding CXX object CMakeFiles/sllidar_node.dir/sdk/src/sl_async_transceiver.cpp.o[0m
[11.006s] In file included from [01m[K/root/ros2_ws/src/sllidar_ros2/./sdk/include/sl_lidar_cmd.h:41[m[K,
[11.006s]                  from [01m[K/root/ros2_ws/src/sllidar_ros2/./sdk/include/sl_lidar_driver.h:54[m[K,
[11.006s]                  from [01m[K/root/ros2_ws/src/sllidar_ros2/./sdk/include/sl_lidar.h:36[m[K,
[11.006s]                  from [01m[K/root/ros2_ws/src/sllidar_ros2/src/sllidar_node.cpp:38[m[K:
[11.006s] [01m[K/root/ros2_ws/src/sllidar_ros2/./sdk/include/sl_lidar_protocol.h:66:16:[m[K [01;35m[Kwarning: [m[KISO C++ forbids zero-size array ‘[01m[Kdata[m[K’ [[01;35m[K-Wpedantic[m[K]
[11.006s]    66 |     sl_u8 data[[01;35m[K0[m[K];
[11.007s]       |                [01;35m[K^[m[K
[11.007s] In file included from [01m[K/root/ros2_ws/src/sllidar_ros2/./sdk/include/sl_lidar_driver.h:54[m[K,
[11.007s]                  from [01m[K/root/ros2_ws/src/sllidar_ros2/./sdk/include/sl_lidar.h:36[m[K,
[11.007s]                  from [01m[K/root/ros2_ws/src/sllidar_ros2/src/sllidar_node.cpp:38[m[K:
[11.007s] [01m[K/root/ros2_ws/src/sllidar_ros2/./sdk/include/sl_lidar_cmd.h:324:20:[m[K [01;35m[Kwarning: [m[KISO C++ forbids zero-size array ‘[01m[Kpayload[m[K’ [[01;35m[K-Wpedantic[m[K]
[11.007s]   324 |     sl_u8  payload[[01;35m[K0[m[K];
[11.007s]       |                    [01;35m[K^[m[K
[11.308s] In file included from [01m[K/root/ros2_ws/src/sllidar_ros2/./sdk/include/rplidar_protocol.h:36[m[K,
[11.308s]                  from [01m[K/root/ros2_ws/src/sllidar_ros2/./sdk/include/rplidar.h:39[m[K,
[11.311s]                  from [01m[K/root/ros2_ws/src/sllidar_ros2/sdk/src/sdkcommon.h:49[m[K,
[11.311s]                  from [01m[K/root/ros2_ws/src/sllidar_ros2/sdk/src/rplidar_driver.cpp:33[m[K:
[11.312s] [01m[K/root/ros2_ws/src/sllidar_ros2/./sdk/include/sl_lidar_protocol.h:66:16:[m[K [01;35m[Kwarning: [m[KISO C++ forbids zero-size array ‘[01m[Kdata[m[K’ [[01;35m[K-Wpedantic[m[K]
[11.312s]    66 |     sl_u8 data[[01;35m[K0[m[K];
[11.312s]       |                [01;35m[K^[m[K
[11.312s] In file included from [01m[K/root/ros2_ws/src/sllidar_ros2/./sdk/include/rplidar_cmd.h:36[m[K,
[11.313s]                  from [01m[K/root/ros2_ws/src/sllidar_ros2/./sdk/include/rplidar.h:40[m[K,
[11.313s]                  from [01m[K/root/ros2_ws/src/sllidar_ros2/sdk/src/sdkcommon.h:49[m[K,
[11.316s]                  from [01m[K/root/ros2_ws/src/sllidar_ros2/sdk/src/rplidar_driver.cpp:33[m[K:
[11.317s] [01m[K/root/ros2_ws/src/sllidar_ros2/./sdk/include/sl_lidar_cmd.h:324:20:[m[K [01;35m[Kwarning: [m[KISO C++ forbids zero-size array ‘[01m[Kpayload[m[K’ [[01;35m[K-Wpedantic[m[K]
[11.317s]   324 |     sl_u8  payload[[01;35m[K0[m[K];
[11.317s]       |                    [01;35m[K^[m[K
[11.420s] In file included from [01m[K/root/ros2_ws/src/sllidar_ros2/./sdk/include/rplidar_protocol.h:36[m[K,
[11.420s]                  from [01m[K/root/ros2_ws/src/sllidar_ros2/./sdk/include/rplidar.h:39[m[K,
[11.420s]                  from [01m[K/root/ros2_ws/src/sllidar_ros2/sdk/src/sdkcommon.h:49[m[K,
[11.421s]                  from [01m[K/root/ros2_ws/src/sllidar_ros2/sdk/src/sl_async_transceiver.cpp:35[m[K:
[11.421s] [01m[K/root/ros2_ws/src/sllidar_ros2/./sdk/include/sl_lidar_protocol.h:66:16:[m[K [01;35m[Kwarning: [m[KISO C++ forbids zero-size array ‘[01m[Kdata[m[K’ [[01;35m[K-Wpedantic[m[K]
[11.421s]    66 |     sl_u8 data[[01;35m[K0[m[K];
[11.421s]       |                [01;35m[K^[m[K
[11.421s] In file included from [01m[K/root/ros2_ws/src/sllidar_ros2/./sdk/include/rplidar_cmd.h:36[m[K,
[11.421s]                  from [01m[K/root/ros2_ws/src/sllidar_ros2/./sdk/include/rplidar.h:40[m[K,
[11.421s]                  from [01m[K/root/ros2_ws/src/sllidar_ros2/sdk/src/sdkcommon.h:49[m[K,
[11.421s]                  from [01m[K/root/ros2_ws/src/sllidar_ros2/sdk/src/sl_async_transceiver.cpp:35[m[K:
[11.421s] [01m[K/root/ros2_ws/src/sllidar_ros2/./sdk/include/sl_lidar_cmd.h:324:20:[m[K [01;35m[Kwarning: [m[KISO C++ forbids zero-size array ‘[01m[Kpayload[m[K’ [[01;35m[K-Wpedantic[m[K]
[11.422s]   324 |     sl_u8  payload[[01;35m[K0[m[K];
[11.422s]       |                    [01;35m[K^[m[K
[11.637s] [01m[K/root/ros2_ws/src/sllidar_ros2/sdk/src/rplidar_driver.cpp:[m[K In member function ‘[01m[Ku_result rp::standalone::rplidar::RPlidarDriver::connect(const char*, _u32, _u32)[m[K’:
[11.637s] [01m[K/root/ros2_ws/src/sllidar_ros2/sdk/src/rplidar_driver.cpp:67:77:[m[K [01;35m[Kwarning: [m[Kunused parameter ‘[01m[Kflag[m[K’ [[01;35m[K-Wunused-parameter[m[K]
[11.637s]    67 |     u_result RPlidarDriver::connect(const char *path, _u32 portOrBaud, [01;35m[K_u32 flag[m[K)
[11.637s]       |                                                                        [01;35m[K~~~~~^~~~[m[K
[11.637s] [01m[K/root/ros2_ws/src/sllidar_ros2/sdk/src/rplidar_driver.cpp:[m[K In member function ‘[01m[Ku_result rp::standalone::rplidar::RPlidarDriver::reset(_u32)[m[K’:
[11.637s] [01m[K/root/ros2_ws/src/sllidar_ros2/sdk/src/rplidar_driver.cpp:101:40:[m[K [01;35m[Kwarning: [m[Kunused parameter ‘[01m[Ktimeout[m[K’ [[01;35m[K-Wunused-parameter[m[K]
[11.637s]   101 |     u_result RPlidarDriver::reset([01;35m[K_u32 timeout[m[K)
[11.638s]       |                                   [01;35m[K~~~~~^~~~~~~[m[K
[11.640s] [01m[K/root/ros2_ws/src/sllidar_ros2/sdk/src/rplidar_driver.cpp:[m[K In member function ‘[01m[Ku_result rp::standalone::rplidar::RPlidarDriver::getScanDataWithInterval(rplidar_response_measurement_node_t*, size_t&)[m[K’:
[11.641s] [01m[K/root/ros2_ws/src/sllidar_ros2/sdk/src/rplidar_driver.cpp:180:91:[m[K [01;35m[Kwarning: [m[Kunused parameter ‘[01m[Knodebuffer[m[K’ [[01;35m[K-Wunused-parameter[m[K]
[11.641s]   180 |     u_result RPlidarDriver::getScanDataWithInterval([01;35m[Krplidar_response_measurement_node_t * nodebuffer[m[K, size_t & count)
[11.641s]       |                                                     [01;35m[K~~~~~~~~~~~~~~~~~~~~~~~~~~~~~~~~~~~~~~^~~~~~~~~~[m[K
[11.641s] [01m[K/root/ros2_ws/src/sllidar_ros2/sdk/src/rplidar_driver.cpp:180:112:[m[K [01;35m[Kwarning: [m[Kunused parameter ‘[01m[Kcount[m[K’ [[01;35m[K-Wunused-parameter[m[K]
[11.641s]   180 |     u_result RPlidarDriver::getScanDataWithInterval(rplidar_response_measurement_node_t * nodebuffer, [01;35m[Ksize_t & count[m[K)
[11.641s]       |                                                                                                       [01;35m[K~~~~~~~~~^~~~~[m[K
[11.650s] In file included from [01m[K/root/ros2_ws/src/sllidar_ros2/sdk/src/sl_async_transceiver.cpp:44[m[K:
[11.651s] [01m[K/root/ros2_ws/src/sllidar_ros2/sdk/src/sl_async_transceiver.h:[m[K In member function ‘[01m[Kvirtual void sl::internal::IAsyncProtocolCodec::onChannelError(u_result)[m[K’:
[11.651s] [01m[K/root/ros2_ws/src/sllidar_ros2/sdk/src/sl_async_transceiver.h:90:48:[m[K [01;35m[Kwarning: [m[Kunused parameter ‘[01m[KerrCode[m[K’ [[01;35m[K-Wunused-parameter[m[K]
[11.651s]    90 |         virtual void   onChannelError([01;35m[Ku_result errCode[m[K) {}
[11.651s]       |                                       [01;35m[K~~~~~~~~~^~~~~~~[m[K
[11.858s] [ 65%] [32mBuilding CXX object CMakeFiles/sllidar_node.dir/sdk/src/sl_crc.cpp.o[0m
[11.912s] In file included from [01m[K/root/ros2_ws/src/sllidar_ros2/./sdk/include/sl_lidar_cmd.h:41[m[K,
[11.913s]                  from [01m[K/root/ros2_ws/src/sllidar_ros2/./sdk/include/sl_crc.h:36[m[K,
[11.913s]                  from [01m[K/root/ros2_ws/src/sllidar_ros2/sdk/src/sl_crc.cpp:33[m[K:
[11.913s] [01m[K/root/ros2_ws/src/sllidar_ros2/./sdk/include/sl_lidar_protocol.h:66:16:[m[K [01;35m[Kwarning: [m[KISO C++ forbids zero-size array ‘[01m[Kdata[m[K’ [[01;35m[K-Wpedantic[m[K]
[11.913s]    66 |     sl_u8 data[[01;35m[K0[m[K];
[11.916s]       |                [01;35m[K^[m[K
[11.917s] In file included from [01m[K/root/ros2_ws/src/sllidar_ros2/./sdk/include/sl_crc.h:36[m[K,
[11.917s]                  from [01m[K/root/ros2_ws/src/sllidar_ros2/sdk/src/sl_crc.cpp:33[m[K:
[11.917s] [01m[K/root/ros2_ws/src/sllidar_ros2/./sdk/include/sl_lidar_cmd.h:324:20:[m[K [01;35m[Kwarning: [m[KISO C++ forbids zero-size array ‘[01m[Kpayload[m[K’ [[01;35m[K-Wpedantic[m[K]
[11.917s]   324 |     sl_u8  payload[[01;35m[K0[m[K];
[11.917s]       |                    [01;35m[K^[m[K
[11.970s] [ 70%] [32mBuilding CXX object CMakeFiles/sllidar_node.dir/sdk/src/sl_lidar_driver.cpp.o[0m
[11.985s] [ 75%] [32mBuilding CXX object CMakeFiles/sllidar_node.dir/sdk/src/sl_lidarprotocol_codec.cpp.o[0m
[12.801s] In file included from [01m[K/root/ros2_ws/src/sllidar_ros2/./sdk/include/rplidar_protocol.h:36[m[K,
[12.802s]                  from [01m[K/root/ros2_ws/src/sllidar_ros2/./sdk/include/rplidar.h:39[m[K,
[12.802s]                  from [01m[K/root/ros2_ws/src/sllidar_ros2/sdk/src/sdkcommon.h:49[m[K,
[12.802s]                  from [01m[K/root/ros2_ws/src/sllidar_ros2/sdk/src/sl_lidarprotocol_codec.cpp:35[m[K:
[12.802s] [01m[K/root/ros2_ws/src/sllidar_ros2/./sdk/include/sl_lidar_protocol.h:66:16:[m[K [01;35m[Kwarning: [m[KISO C++ forbids zero-size array ‘[01m[Kdata[m[K’ [[01;35m[K-Wpedantic[m[K]
[12.803s]    66 |     sl_u8 data[[01;35m[K0[m[K];
[12.803s]       |                [01;35m[K^[m[K
[12.804s] In file included from [01m[K/root/ros2_ws/src/sllidar_ros2/./sdk/include/rplidar_cmd.h:36[m[K,
[12.804s]                  from [01m[K/root/ros2_ws/src/sllidar_ros2/./sdk/include/rplidar.h:40[m[K,
[12.804s]                  from [01m[K/root/ros2_ws/src/sllidar_ros2/sdk/src/sdkcommon.h:49[m[K,
[12.804s]                  from [01m[K/root/ros2_ws/src/sllidar_ros2/sdk/src/sl_lidarprotocol_codec.cpp:35[m[K:
[12.804s] [01m[K/root/ros2_ws/src/sllidar_ros2/./sdk/include/sl_lidar_cmd.h:324:20:[m[K [01;35m[Kwarning: [m[KISO C++ forbids zero-size array ‘[01m[Kpayload[m[K’ [[01;35m[K-Wpedantic[m[K]
[12.804s]   324 |     sl_u8  payload[[01;35m[K0[m[K];
[12.805s]       |                    [01;35m[K^[m[K
[12.891s] In file included from [01m[K/root/ros2_ws/src/sllidar_ros2/./sdk/include/rplidar_protocol.h:36[m[K,
[12.892s]                  from [01m[K/root/ros2_ws/src/sllidar_ros2/./sdk/include/rplidar.h:39[m[K,
[12.892s]                  from [01m[K/root/ros2_ws/src/sllidar_ros2/sdk/src/sdkcommon.h:49[m[K,
[12.894s]                  from [01m[K/root/ros2_ws/src/sllidar_ros2/sdk/src/sl_lidar_driver.cpp:33[m[K:
[12.895s] [01m[K/root/ros2_ws/src/sllidar_ros2/./sdk/include/sl_lidar_protocol.h:66:16:[m[K [01;35m[Kwarning: [m[KISO C++ forbids zero-size array ‘[01m[Kdata[m[K’ [[01;35m[K-Wpedantic[m[K]
[12.895s]    66 |     sl_u8 data[[01;35m[K0[m[K];
[12.895s]       |                [01;35m[K^[m[K
[12.895s] In file included from [01m[K/root/ros2_ws/src/sllidar_ros2/./sdk/include/rplidar_cmd.h:36[m[K,
[12.895s]                  from [01m[K/root/ros2_ws/src/sllidar_ros2/./sdk/include/rplidar.h:40[m[K,
[12.895s]                  from [01m[K/root/ros2_ws/src/sllidar_ros2/sdk/src/sdkcommon.h:49[m[K,
[12.895s]                  from [01m[K/root/ros2_ws/src/sllidar_ros2/sdk/src/sl_lidar_driver.cpp:33[m[K:
[12.896s] [01m[K/root/ros2_ws/src/sllidar_ros2/./sdk/include/sl_lidar_cmd.h:324:20:[m[K [01;35m[Kwarning: [m[KISO C++ forbids zero-size array ‘[01m[Kpayload[m[K’ [[01;35m[K-Wpedantic[m[K]
[12.896s]   324 |     sl_u8  payload[[01;35m[K0[m[K];
[12.896s]       |                    [01;35m[K^[m[K
[13.230s] In file included from [01m[K/root/ros2_ws/src/sllidar_ros2/sdk/src/sl_lidarprotocol_codec.cpp:49[m[K:
[13.231s] [01m[K/root/ros2_ws/src/sllidar_ros2/sdk/src/sl_async_transceiver.h:[m[K In member function ‘[01m[Kvirtual void sl::internal::IAsyncProtocolCodec::onChannelError(u_result)[m[K’:
[13.231s] [01m[K/root/ros2_ws/src/sllidar_ros2/sdk/src/sl_async_transceiver.h:90:48:[m[K [01;35m[Kwarning: [m[Kunused parameter ‘[01m[KerrCode[m[K’ [[01;35m[K-Wunused-parameter[m[K]
[13.231s]    90 |         virtual void   onChannelError([01;35m[Ku_result errCode[m[K) {}
[13.231s]       |                                       [01;35m[K~~~~~~~~~^~~~~~~[m[K
[13.408s] In file included from [01m[K/root/ros2_ws/src/sllidar_ros2/sdk/src/sl_lidar_driver.cpp:50[m[K:
[13.409s] [01m[K/root/ros2_ws/src/sllidar_ros2/sdk/src/dataunpacker/dataunpacker.h:[m[K In member function ‘[01m[Kvirtual void sl::internal::LIDARSampleDataListener::onCustomSampleDataDecoded(_u8, _u32, const void*, size_t)[m[K’:
[13.409s] [01m[K/root/ros2_ws/src/sllidar_ros2/sdk/src/dataunpacker/dataunpacker.h:54:52:[m[K [01;35m[Kwarning: [m[Kunused parameter ‘[01m[KansType[m[K’ [[01;35m[K-Wunused-parameter[m[K]
[13.409s]    54 |         virtual void onCustomSampleDataDecoded([01;35m[K_u8 ansType[m[K, _u32 customCode, const void* data, size_t size) {}
[13.409s]       |                                                [01;35m[K~~~~^~~~~~~[m[K
[13.409s] [01m[K/root/ros2_ws/src/sllidar_ros2/sdk/src/dataunpacker/dataunpacker.h:54:66:[m[K [01;35m[Kwarning: [m[Kunused parameter ‘[01m[KcustomCode[m[K’ [[01;35m[K-Wunused-parameter[m[K]
[13.409s]    54 |         virtual void onCustomSampleDataDecoded(_u8 ansType, [01;35m[K_u32 customCode[m[K, const void* data, size_t size) {}
[13.409s]       |                                                             [01;35m[K~~~~~^~~~~~~~~~[m[K
[13.410s] [01m[K/root/ros2_ws/src/sllidar_ros2/sdk/src/dataunpacker/dataunpacker.h:54:90:[m[K [01;35m[Kwarning: [m[Kunused parameter ‘[01m[Kdata[m[K’ [[01;35m[K-Wunused-parameter[m[K]
[13.410s]    54 |         virtual void onCustomSampleDataDecoded(_u8 ansType, _u32 customCode, [01;35m[Kconst void* data[m[K, size_t size) {}
[13.410s]       |                                                                              [01;35m[K~~~~~~~~~~~~^~~~[m[K
[13.410s] [01m[K/root/ros2_ws/src/sllidar_ros2/sdk/src/dataunpacker/dataunpacker.h:54:103:[m[K [01;35m[Kwarning: [m[Kunused parameter ‘[01m[Ksize[m[K’ [[01;35m[K-Wunused-parameter[m[K]
[13.410s]    54 |         virtual void onCustomSampleDataDecoded(_u8 ansType, _u32 customCode, const void* data, [01;35m[Ksize_t size[m[K) {}
[13.410s]       |                                                                                                [01;35m[K~~~~~~~^~~~[m[K
[13.410s] [01m[K/root/ros2_ws/src/sllidar_ros2/sdk/src/dataunpacker/dataunpacker.h:[m[K In member function ‘[01m[Kvirtual void sl::internal::LIDARSampleDataListener::onDecodingError(int, _u8, const void*, size_t)[m[K’:
[13.410s] [01m[K/root/ros2_ws/src/sllidar_ros2/sdk/src/dataunpacker/dataunpacker.h:56:42:[m[K [01;35m[Kwarning: [m[Kunused parameter ‘[01m[KerrMsg[m[K’ [[01;35m[K-Wunused-parameter[m[K]
[13.410s]    56 |         virtual void onDecodingError([01;35m[Kint errMsg[m[K, _u8 ansType, const void* payload, size_t size) {}
[13.411s]       |                                      [01;35m[K~~~~^~~~~~[m[K
[13.411s] [01m[K/root/ros2_ws/src/sllidar_ros2/sdk/src/dataunpacker/dataunpacker.h:56:54:[m[K [01;35m[Kwarning: [m[Kunused parameter ‘[01m[KansType[m[K’ [[01;35m[K-Wunused-parameter[m[K]
[13.411s]    56 |         virtual void onDecodingError(int errMsg, [01;35m[K_u8 ansType[m[K, const void* payload, size_t size) {}
[13.411s]       |                                                  [01;35m[K~~~~^~~~~~~[m[K
[13.414s] [01m[K/root/ros2_ws/src/sllidar_ros2/sdk/src/dataunpacker/dataunpacker.h:56:75:[m[K [01;35m[Kwarning: [m[Kunused parameter ‘[01m[Kpayload[m[K’ [[01;35m[K-Wunused-parameter[m[K]
[13.414s]    56 |         virtual void onDecodingError(int errMsg, _u8 ansType, [01;35m[Kconst void* payload[m[K, size_t size) {}
[13.415s]       |                                                               [01;35m[K~~~~~~~~~~~~^~~~~~~[m[K
[13.415s] [01m[K/root/ros2_ws/src/sllidar_ros2/sdk/src/dataunpacker/dataunpacker.h:56:91:[m[K [01;35m[Kwarning: [m[Kunused parameter ‘[01m[Ksize[m[K’ [[01;35m[K-Wunused-parameter[m[K]
[13.415s]    56 |         virtual void onDecodingError(int errMsg, _u8 ansType, const void* payload, [01;35m[Ksize_t size[m[K) {}
[13.415s]       |                                                                                    [01;35m[K~~~~~~~^~~~[m[K
[13.427s] In file included from [01m[K/root/ros2_ws/src/sllidar_ros2/sdk/src/sl_lidar_driver.cpp:51[m[K:
[13.427s] [01m[K/root/ros2_ws/src/sllidar_ros2/sdk/src/sl_async_transceiver.h:[m[K In member function ‘[01m[Kvirtual void sl::internal::IAsyncProtocolCodec::onChannelError(u_result)[m[K’:
[13.427s] [01m[K/root/ros2_ws/src/sllidar_ros2/sdk/src/sl_async_transceiver.h:90:48:[m[K [01;35m[Kwarning: [m[Kunused parameter ‘[01m[KerrCode[m[K’ [[01;35m[K-Wunused-parameter[m[K]
[13.427s]    90 |         virtual void   onChannelError([01;35m[Ku_result errCode[m[K) {}
[13.427s]       |                                       [01;35m[K~~~~~~~~~^~~~~~~[m[K
[13.470s] [ 80%] [32mBuilding CXX object CMakeFiles/sllidar_node.dir/sdk/src/sl_serial_channel.cpp.o[0m
[13.476s] [01m[K/root/ros2_ws/src/sllidar_ros2/sdk/src/sl_lidar_driver.cpp:[m[K In member function ‘[01m[Kvirtual sl_result sl::SlamtecLidarDriver::reset(sl_u32)[m[K’:
[13.482s] [01m[K/root/ros2_ws/src/sllidar_ros2/sdk/src/sl_lidar_driver.cpp:511:32:[m[K [01;35m[Kwarning: [m[Kunused parameter ‘[01m[KtimeoutInMs[m[K’ [[01;35m[K-Wunused-parameter[m[K]
[13.482s]   511 |         sl_result reset([01;35m[Ksl_u32 timeoutInMs = DEFAULT_TIMEOUT[m[K)
[13.485s]       |                         [01;35m[K~~~~~~~^~~~~~~~~~~~~~~~~~~~~~~~~~~~~[m[K
[13.486s] [01m[K/root/ros2_ws/src/sllidar_ros2/sdk/src/sl_lidar_driver.cpp:[m[K In member function ‘[01m[Kvirtual sl_result sl::SlamtecLidarDriver::startScan(bool, bool, sl_u32, sl::LidarScanMode*)[m[K’:
[13.486s] [01m[K/root/ros2_ws/src/sllidar_ros2/sdk/src/sl_lidar_driver.cpp:586:69:[m[K [01;35m[Kwarning: [m[Kunused parameter ‘[01m[Koptions[m[K’ [[01;35m[K-Wunused-parameter[m[K]
[13.486s]   586 |         sl_result startScan(bool force, bool useTypicalScan, [01;35m[Ksl_u32 options = 0[m[K, LidarScanMode* outUsedScanMode = nullptr)
[13.487s]       |                                                              [01;35m[K~~~~~~~^~~~~~~~~~~[m[K
[13.497s] [01m[K/root/ros2_ws/src/sllidar_ros2/sdk/src/sl_lidar_driver.cpp:[m[K In member function ‘[01m[Kvirtual sl_result sl::SlamtecLidarDriver::stop(sl_u32)[m[K’:
[13.498s] [01m[K/root/ros2_ws/src/sllidar_ros2/sdk/src/sl_lidar_driver.cpp:763:31:[m[K [01;35m[Kwarning: [m[Kunused parameter ‘[01m[Ktimeout[m[K’ [[01;35m[K-Wunused-parameter[m[K]
[13.498s]   763 |         sl_result stop([01;35m[Ksl_u32 timeout = DEFAULT_TIMEOUT[m[K)
[13.498s]       |                        [01;35m[K~~~~~~~^~~~~~~~~~~~~~~~~~~~~~~~~[m[K
[13.501s] [01m[K/root/ros2_ws/src/sllidar_ros2/sdk/src/sl_lidar_driver.cpp:[m[K In member function ‘[01m[Kvirtual sl_result sl::SlamtecLidarDriver::getFrequency(const sl::LidarScanMode&, const sl_lidar_response_measurement_node_hq_t*, size_t, float&)[m[K’:
[13.502s] [01m[K/root/ros2_ws/src/sllidar_ros2/sdk/src/sl_lidar_driver.cpp:880:110:[m[K [01;35m[Kwarning: [m[Kunused parameter ‘[01m[Knodes[m[K’ [[01;35m[K-Wunused-parameter[m[K]
[13.502s]   880 |         sl_result getFrequency(const LidarScanMode& scanMode, [01;35m[Kconst sl_lidar_response_measurement_node_hq_t* nodes[m[K, size_t count, float& frequency)
[13.502s]       |                                                               [01;35m[K~~~~~~~~~~~~~~~~~~~~~~~~~~~~~~~~~~~~~~~~~~~~~~~^~~~~[m[K
[13.506s] [01m[K/root/ros2_ws/src/sllidar_ros2/sdk/src/sl_lidar_driver.cpp:[m[K In member function ‘[01m[Kvirtual sl_result sl::SlamtecLidarDriver::getMotorInfo(sl::LidarMotorInfo&, sl_u32)[m[K’:
[13.506s] [01m[K/root/ros2_ws/src/sllidar_ros2/sdk/src/sl_lidar_driver.cpp:1023:66:[m[K [01;35m[Kwarning: [m[Kunused parameter ‘[01m[KtimeoutInMs[m[K’ [[01;35m[K-Wunused-parameter[m[K]
[13.506s]  1023 |         sl_result getMotorInfo(LidarMotorInfo &motorInfo, [01;35m[Ksl_u32 timeoutInMs[m[K)
[13.506s]       |                                                           [01;35m[K~~~~~~~^~~~~~~~~~~[m[K
[13.513s] [01m[K/root/ros2_ws/src/sllidar_ros2/sdk/src/sl_lidar_driver.cpp:[m[K In member function ‘[01m[Ku_result sl::SlamtecLidarDriver::getScanModeCount(sl_u16&, sl_u32)[m[K’:
[13.513s] [01m[K/root/ros2_ws/src/sllidar_ros2/sdk/src/sl_lidar_driver.cpp:1199:61:[m[K [01;35m[Kwarning: [m[Kunused parameter ‘[01m[KtimeoutInMs[m[K’ [[01;35m[K-Wunused-parameter[m[K]
[13.514s]  1199 |         u_result getScanModeCount(sl_u16& modeCount, [01;35m[Ksl_u32 timeoutInMs = DEFAULT_TIMEOUT[m[K)
[13.514s]       |                                                      [01;35m[K~~~~~~~^~~~~~~~~~~~~~~~~~~~~~~~~~~~~[m[K
[13.630s] /root/ros2_ws/src/sllidar_ros2/sdk/src/sl_lidar_driver.cpp: In instantiation of ‘[01m[Kvoid sl::RawSampleNodeHolder<T>::pushNode(_u64, const T*) [with T = sl_lidar_response_measurement_node_hq_t; _u64 = long unsigned int][m[K’:
[13.630s] [01m[K/root/ros2_ws/src/sllidar_ros2/sdk/src/sl_lidar_driver.cpp:1648:42:[m[K   required from here
[13.631s] [01m[K/root/ros2_ws/src/sllidar_ros2/sdk/src/sl_lidar_driver.cpp:202:28:[m[K [01;35m[Kwarning: [m[Kunused parameter ‘[01m[Ktimestamp_uS[m[K’ [[01;35m[K-Wunused-parameter[m[K]
[13.631s]   202 |         void pushNode([01;35m[K_u64 timestamp_uS[m[K, const T* node)
[13.631s]       |                       [01;35m[K~~~~~^~~~~~~~~~~~[m[K
[13.888s] [01m[K/root/ros2_ws/src/sllidar_ros2/sdk/src/sl_lidar_driver.cpp:[m[K At global scope:
[13.888s] [01m[K/root/ros2_ws/src/sllidar_ros2/sdk/src/sl_lidar_driver.cpp:83:17:[m[K [01;35m[Kwarning: [m[K‘[01m[Kvoid sl::convert(const sl_lidar_response_measurement_node_hq_t&, sl_lidar_response_measurement_node_t&)[m[K’ defined but not used [[01;35m[K-Wunused-function[m[K]
[13.889s]    83 |     static void [01;35m[Kconvert[m[K(const sl_lidar_response_measurement_node_hq_t& from, sl_lidar_response_measurement_node_t& to)
[13.889s]       |                 [01;35m[K^~~~~~~[m[K
[13.889s] [01m[K/root/ros2_ws/src/sllidar_ros2/sdk/src/sl_lidar_driver.cpp:75:17:[m[K [01;35m[Kwarning: [m[K‘[01m[Kvoid sl::convert(const sl_lidar_response_measurement_node_t&, sl_lidar_response_measurement_node_hq_t&)[m[K’ defined but not used [[01;35m[K-Wunused-function[m[K]
[13.889s]    75 |     static void [01;35m[Kconvert[m[K(const sl_lidar_response_measurement_node_t& from, sl_lidar_response_measurement_node_hq_t& to)
[13.889s]       |                 [01;35m[K^~~~~~~[m[K
[13.889s] [01m[K/root/ros2_ws/src/sllidar_ros2/sdk/src/sl_lidar_driver.cpp:70:17:[m[K [01;35m[Kwarning: [m[K‘[01m[Kvoid sl::printDeprecationWarn(const char*, const char*)[m[K’ defined but not used [[01;35m[K-Wunused-function[m[K]
[13.890s]    70 |     static void [01;35m[KprintDeprecationWarn[m[K(const char* fn, const char* replacement)
[13.890s]       |                 [01;35m[K^~~~~~~~~~~~~~~~~~~~[m[K
[14.111s] In file included from [01m[K/root/ros2_ws/src/sllidar_ros2/./sdk/include/sl_lidar_cmd.h:41[m[K,
[14.111s]                  from [01m[K/root/ros2_ws/src/sllidar_ros2/./sdk/include/sl_lidar_driver.h:54[m[K,
[14.111s]                  from [01m[K/root/ros2_ws/src/sllidar_ros2/sdk/src/sl_serial_channel.cpp:33[m[K:
[14.114s] [01m[K/root/ros2_ws/src/sllidar_ros2/./sdk/include/sl_lidar_protocol.h:66:16:[m[K [01;35m[Kwarning: [m[KISO C++ forbids zero-size array ‘[01m[Kdata[m[K’ [[01;35m[K-Wpedantic[m[K]
[14.114s]    66 |     sl_u8 data[[01;35m[K0[m[K];
[14.115s]       |                [01;35m[K^[m[K
[14.115s] In file included from [01m[K/root/ros2_ws/src/sllidar_ros2/./sdk/include/sl_lidar_driver.h:54[m[K,
[14.115s]                  from [01m[K/root/ros2_ws/src/sllidar_ros2/sdk/src/sl_serial_channel.cpp:33[m[K:
[14.115s] [01m[K/root/ros2_ws/src/sllidar_ros2/./sdk/include/sl_lidar_cmd.h:324:20:[m[K [01;35m[Kwarning: [m[KISO C++ forbids zero-size array ‘[01m[Kpayload[m[K’ [[01;35m[K-Wpedantic[m[K]
[14.115s]   324 |     sl_u8  payload[[01;35m[K0[m[K];
[14.115s]       |                    [01;35m[K^[m[K
[14.254s] [ 85%] [32mBuilding CXX object CMakeFiles/sllidar_node.dir/sdk/src/sl_tcp_channel.cpp.o[0m
[14.862s] [ 90%] [32mBuilding CXX object CMakeFiles/sllidar_node.dir/sdk/src/sl_udp_channel.cpp.o[0m
[14.880s] In file included from [01m[K/root/ros2_ws/src/sllidar_ros2/./sdk/include/sl_lidar_cmd.h:41[m[K,
[14.881s]                  from [01m[K/root/ros2_ws/src/sllidar_ros2/./sdk/include/sl_lidar_driver.h:54[m[K,
[14.881s]                  from [01m[K/root/ros2_ws/src/sllidar_ros2/sdk/src/sl_tcp_channel.cpp:33[m[K:
[14.881s] [01m[K/root/ros2_ws/src/sllidar_ros2/./sdk/include/sl_lidar_protocol.h:66:16:[m[K [01;35m[Kwarning: [m[KISO C++ forbids zero-size array ‘[01m[Kdata[m[K’ [[01;35m[K-Wpedantic[m[K]
[14.881s]    66 |     sl_u8 data[[01;35m[K0[m[K];
[14.881s]       |                [01;35m[K^[m[K
[14.881s] In file included from [01m[K/root/ros2_ws/src/sllidar_ros2/./sdk/include/sl_lidar_driver.h:54[m[K,
[14.882s]                  from [01m[K/root/ros2_ws/src/sllidar_ros2/sdk/src/sl_tcp_channel.cpp:33[m[K:
[14.882s] [01m[K/root/ros2_ws/src/sllidar_ros2/./sdk/include/sl_lidar_cmd.h:324:20:[m[K [01;35m[Kwarning: [m[KISO C++ forbids zero-size array ‘[01m[Kpayload[m[K’ [[01;35m[K-Wpedantic[m[K]
[14.882s]   324 |     sl_u8  payload[[01;35m[K0[m[K];
[14.882s]       |                    [01;35m[K^[m[K
[14.896s] [01m[K/root/ros2_ws/src/sllidar_ros2/sdk/src/sl_tcp_channel.cpp:[m[K In member function ‘[01m[Kvoid sl::TcpChannel::setStatus(_u32)[m[K’:
[14.896s] [01m[K/root/ros2_ws/src/sllidar_ros2/sdk/src/sl_tcp_channel.cpp:109:29:[m[K [01;35m[Kwarning: [m[Kunused parameter ‘[01m[Kflag[m[K’ [[01;35m[K-Wunused-parameter[m[K]
[14.898s]   109 |         void setStatus([01;35m[K_u32 flag[m[K){}
[14.898s]       |                        [01;35m[K~~~~~^~~~[m[K
[15.374s] In file included from [01m[K/root/ros2_ws/src/sllidar_ros2/./sdk/include/sl_lidar_cmd.h:41[m[K,
[15.374s]                  from [01m[K/root/ros2_ws/src/sllidar_ros2/./sdk/include/sl_lidar_driver.h:54[m[K,
[15.374s]                  from [01m[K/root/ros2_ws/src/sllidar_ros2/sdk/src/sl_udp_channel.cpp:33[m[K:
[15.374s] [01m[K/root/ros2_ws/src/sllidar_ros2/./sdk/include/sl_lidar_protocol.h:66:16:[m[K [01;35m[Kwarning: [m[KISO C++ forbids zero-size array ‘[01m[Kdata[m[K’ [[01;35m[K-Wpedantic[m[K]
[15.374s]    66 |     sl_u8 data[[01;35m[K0[m[K];
[15.374s]       |                [01;35m[K^[m[K
[15.375s] In file included from [01m[K/root/ros2_ws/src/sllidar_ros2/./sdk/include/sl_lidar_driver.h:54[m[K,
[15.375s]                  from [01m[K/root/ros2_ws/src/sllidar_ros2/sdk/src/sl_udp_channel.cpp:33[m[K:
[15.375s] [01m[K/root/ros2_ws/src/sllidar_ros2/./sdk/include/sl_lidar_cmd.h:324:20:[m[K [01;35m[Kwarning: [m[KISO C++ forbids zero-size array ‘[01m[Kpayload[m[K’ [[01;35m[K-Wpedantic[m[K]
[15.375s]   324 |     sl_u8  payload[[01;35m[K0[m[K];
[15.375s]       |                    [01;35m[K^[m[K
[15.384s] [01m[K/root/ros2_ws/src/sllidar_ros2/sdk/src/sl_udp_channel.cpp:[m[K In member function ‘[01m[Kvoid sl::UdpChannel::setStatus(_u32)[m[K’:
[15.385s] [01m[K/root/ros2_ws/src/sllidar_ros2/sdk/src/sl_udp_channel.cpp:112:29:[m[K [01;35m[Kwarning: [m[Kunused parameter ‘[01m[Kflag[m[K’ [[01;35m[K-Wunused-parameter[m[K]
[15.385s]   112 |         void setStatus([01;35m[K_u32 flag[m[K){}
[15.385s]       |                        [01;35m[K~~~~~^~~~[m[K
[17.930s] [ 95%] [32m[1mLinking CXX executable sllidar_node[0m
[18.800s] [ 95%] Built target sllidar_node
[23.889s] [100%] [32m[1mLinking CXX executable sllidar_client[0m
[24.891s] [100%] Built target sllidar_client
[24.914s] Invoked command in '/root/ros2_ws/build/sllidar_ros2' returned '0': CMAKE_PREFIX_PATH=/root/ros2_ws/install/mpu9250:/root/ros2_ws2/install/mpu9250:/opt/ros/humble /usr/bin/cmake --build /root/ros2_ws/build/sllidar_ros2 -- -j4 -l4
[25.052s] Invoking command in '/root/ros2_ws/build/sllidar_ros2': CMAKE_PREFIX_PATH=/root/ros2_ws/install/mpu9250:/root/ros2_ws2/install/mpu9250:/opt/ros/humble /usr/bin/cmake --install /root/ros2_ws/build/sllidar_ros2
[25.069s] -- Install configuration: ""
[25.069s] -- Installing: /root/ros2_ws/install/sllidar_ros2/share/sllidar_ros2/launch
[25.069s] -- Installing: /root/ros2_ws/install/sllidar_ros2/share/sllidar_ros2/launch/view_sllidar_s2_launch.py
[25.069s] -- Installing: /root/ros2_ws/install/sllidar_ros2/share/sllidar_ros2/launch/view_sllidar_s1_tcp_launch.py
[25.069s] -- Installing: /root/ros2_ws/install/sllidar_ros2/share/sllidar_ros2/launch/sllidar_a2m7_launch.py
[25.070s] -- Installing: /root/ros2_ws/install/sllidar_ros2/share/sllidar_ros2/launch/sllidar_a2m12_launch .py
[25.070s] -- Installing: /root/ros2_ws/install/sllidar_ros2/share/sllidar_ros2/launch/view_sllidar_s1_launch.py
[25.070s] -- Installing: /root/ros2_ws/install/sllidar_ros2/share/sllidar_ros2/launch/sllidar_s1_launch.py
[25.071s] -- Installing: /root/ros2_ws/install/sllidar_ros2/share/sllidar_ros2/launch/sllidar_c1_launch.py
[25.071s] -- Installing: /root/ros2_ws/install/sllidar_ros2/share/sllidar_ros2/launch/view_sllidar_a1_launch.py
[25.071s] -- Installing: /root/ros2_ws/install/sllidar_ros2/share/sllidar_ros2/launch/view_sllidar_s3_launch.py
[25.071s] -- Installing: /root/ros2_ws/install/sllidar_ros2/share/sllidar_ros2/launch/view_sllidar_a3_launch.py
[25.071s] -- Installing: /root/ros2_ws/install/sllidar_ros2/share/sllidar_ros2/launch/view_sllidar_t1_launch.py
[25.071s] -- Installing: /root/ros2_ws/install/sllidar_ros2/share/sllidar_ros2/launch/view_sllidar_s2e_launch.py
[25.072s] -- Installing: /root/ros2_ws/install/sllidar_ros2/share/sllidar_ros2/launch/sllidar_s3_launch.py
[25.072s] -- Installing: /root/ros2_ws/install/sllidar_ros2/share/sllidar_ros2/launch/view_sllidar_a2m8_launch.py
[25.072s] -- Installing: /root/ros2_ws/install/sllidar_ros2/share/sllidar_ros2/launch/view_sllidar_a2m12_launch.py
[25.072s] -- Installing: /root/ros2_ws/install/sllidar_ros2/share/sllidar_ros2/launch/view_sllidar_a2m7_launch.py
[25.072s] -- Installing: /root/ros2_ws/install/sllidar_ros2/share/sllidar_ros2/launch/sllidar_t1_launch.py
[25.072s] -- Installing: /root/ros2_ws/install/sllidar_ros2/share/sllidar_ros2/launch/sllidar_s2e_launch.py
[25.073s] -- Installing: /root/ros2_ws/install/sllidar_ros2/share/sllidar_ros2/launch/view_sllidar_c1_launch.py
[25.073s] -- Installing: /root/ros2_ws/install/sllidar_ros2/share/sllidar_ros2/launch/sllidar_a3_launch.py
[25.073s] -- Installing: /root/ros2_ws/install/sllidar_ros2/share/sllidar_ros2/launch/sllidar_s2_launch.py
[25.073s] -- Installing: /root/ros2_ws/install/sllidar_ros2/share/sllidar_ros2/launch/sllidar_s1_tcp_launch.py
[25.073s] -- Installing: /root/ros2_ws/install/sllidar_ros2/share/sllidar_ros2/launch/sllidar_a1_launch.py
[25.073s] -- Installing: /root/ros2_ws/install/sllidar_ros2/share/sllidar_ros2/launch/sllidar_a2m8_launch.py
[25.074s] -- Installing: /root/ros2_ws/install/sllidar_ros2/share/sllidar_ros2/rviz
[25.074s] -- Installing: /root/ros2_ws/install/sllidar_ros2/share/sllidar_ros2/rviz/sllidar_ros2.rviz
[25.074s] -- Installing: /root/ros2_ws/install/sllidar_ros2/lib/sllidar_ros2/sllidar_node
[25.078s] -- Set runtime path of "/root/ros2_ws/install/sllidar_ros2/lib/sllidar_ros2/sllidar_node" to ""
[25.078s] -- Installing: /root/ros2_ws/install/sllidar_ros2/lib/sllidar_ros2/sllidar_client
[25.085s] -- Set runtime path of "/root/ros2_ws/install/sllidar_ros2/lib/sllidar_ros2/sllidar_client" to ""
[25.085s] -- Installing: /root/ros2_ws/install/sllidar_ros2/share/ament_index/resource_index/package_run_dependencies/sllidar_ros2
[25.085s] -- Installing: /root/ros2_ws/install/sllidar_ros2/share/ament_index/resource_index/parent_prefix_path/sllidar_ros2
[25.086s] -- Installing: /root/ros2_ws/install/sllidar_ros2/share/sllidar_ros2/environment/ament_prefix_path.sh
[25.086s] -- Installing: /root/ros2_ws/install/sllidar_ros2/share/sllidar_ros2/environment/ament_prefix_path.dsv
[25.086s] -- Installing: /root/ros2_ws/install/sllidar_ros2/share/sllidar_ros2/environment/path.sh
[25.086s] -- Installing: /root/ros2_ws/install/sllidar_ros2/share/sllidar_ros2/environment/path.dsv
[25.086s] -- Installing: /root/ros2_ws/install/sllidar_ros2/share/sllidar_ros2/local_setup.bash
[25.087s] -- Installing: /root/ros2_ws/install/sllidar_ros2/share/sllidar_ros2/local_setup.sh
[25.087s] -- Installing: /root/ros2_ws/install/sllidar_ros2/share/sllidar_ros2/local_setup.zsh
[25.087s] -- Installing: /root/ros2_ws/install/sllidar_ros2/share/sllidar_ros2/local_setup.dsv
[25.088s] -- Installing: /root/ros2_ws/install/sllidar_ros2/share/sllidar_ros2/package.dsv
[25.088s] -- Installing: /root/ros2_ws/install/sllidar_ros2/share/ament_index/resource_index/packages/sllidar_ros2
[25.088s] -- Installing: /root/ros2_ws/install/sllidar_ros2/share/sllidar_ros2/cmake/ament_cmake_export_dependencies-extras.cmake
[25.088s] -- Installing: /root/ros2_ws/install/sllidar_ros2/share/sllidar_ros2/cmake/ament_cmake_export_include_directories-extras.cmake
[25.088s] -- Installing: /root/ros2_ws/install/sllidar_ros2/share/sllidar_ros2/cmake/sllidar_ros2Config.cmake
[25.089s] -- Installing: /root/ros2_ws/install/sllidar_ros2/share/sllidar_ros2/cmake/sllidar_ros2Config-version.cmake
[25.089s] -- Installing: /root/ros2_ws/install/sllidar_ros2/share/sllidar_ros2/package.xml
[25.093s] Invoked command in '/root/ros2_ws/build/sllidar_ros2' returned '0': CMAKE_PREFIX_PATH=/root/ros2_ws/install/mpu9250:/root/ros2_ws2/install/mpu9250:/opt/ros/humble /usr/bin/cmake --install /root/ros2_ws/build/sllidar_ros2
