running egg_info
creating ../../build/mpu9250/mpu9250.egg-info
writing ../../build/mpu9250/mpu9250.egg-info/PKG-INFO
writing dependency_links to ../../build/mpu9250/mpu9250.egg-info/dependency_links.txt
writing entry points to ../../build/mpu9250/mpu9250.egg-info/entry_points.txt
writing requirements to ../../build/mpu9250/mpu9250.egg-info/requires.txt
writing top-level names to ../../build/mpu9250/mpu9250.egg-info/top_level.txt
writing manifest file '../../build/mpu9250/mpu9250.egg-info/SOURCES.txt'
reading manifest file '../../build/mpu9250/mpu9250.egg-info/SOURCES.txt'
writing manifest file '../../build/mpu9250/mpu9250.egg-info/SOURCES.txt'
running build
running build_py
creating /root/ros2_ws2/build/mpu9250/build
creating /root/ros2_ws2/build/mpu9250/build/lib
creating /root/ros2_ws2/build/mpu9250/build/lib/mpu9250
copying mpu9250/__init__.py -> /root/ros2_ws2/build/mpu9250/build/lib/mpu9250
copying mpu9250/mpu9250_publisher.py -> /root/ros2_ws2/build/mpu9250/build/lib/mpu9250
creating /root/ros2_ws2/build/mpu9250/build/lib/mpu9250/imusensor
copying mpu9250/imusensor/__init__.py -> /root/ros2_ws2/build/mpu9250/build/lib/mpu9250/imusensor
creating /root/ros2_ws2/build/mpu9250/build/lib/mpu9250/imusensor/filters
copying mpu9250/imusensor/filters/madgwick.py -> /root/ros2_ws2/build/mpu9250/build/lib/mpu9250/imusensor/filters
copying mpu9250/imusensor/filters/kalman.py -> /root/ros2_ws2/build/mpu9250/build/lib/mpu9250/imusensor/filters
copying mpu9250/imusensor/filters/__init__.py -> /root/ros2_ws2/build/mpu9250/build/lib/mpu9250/imusensor/filters
copying mpu9250/imusensor/filters/complimentary.py -> /root/ros2_ws2/build/mpu9250/build/lib/mpu9250/imusensor/filters
creating /root/ros2_ws2/build/mpu9250/build/lib/mpu9250/imusensor/MPU9250
copying mpu9250/imusensor/MPU9250/config.py -> /root/ros2_ws2/build/mpu9250/build/lib/mpu9250/imusensor/MPU9250
copying mpu9250/imusensor/MPU9250/__init__.py -> /root/ros2_ws2/build/mpu9250/build/lib/mpu9250/imusensor/MPU9250
copying mpu9250/imusensor/MPU9250/MPU9250.py -> /root/ros2_ws2/build/mpu9250/build/lib/mpu9250/imusensor/MPU9250
running install
running install_lib
creating /root/ros2_ws2/install/mpu9250/lib/python3.10/site-packages/mpu9250
copying /root/ros2_ws2/build/mpu9250/build/lib/mpu9250/__init__.py -> /root/ros2_ws2/install/mpu9250/lib/python3.10/site-packages/mpu9250
creating /root/ros2_ws2/install/mpu9250/lib/python3.10/site-packages/mpu9250/imusensor
copying /root/ros2_ws2/build/mpu9250/build/lib/mpu9250/imusensor/__init__.py -> /root/ros2_ws2/install/mpu9250/lib/python3.10/site-packages/mpu9250/imusensor
creating /root/ros2_ws2/install/mpu9250/lib/python3.10/site-packages/mpu9250/imusensor/filters
copying /root/ros2_ws2/build/mpu9250/build/lib/mpu9250/imusensor/filters/madgwick.py -> /root/ros2_ws2/install/mpu9250/lib/python3.10/site-packages/mpu9250/imusensor/filters
copying /root/ros2_ws2/build/mpu9250/build/lib/mpu9250/imusensor/filters/kalman.py -> /root/ros2_ws2/install/mpu9250/lib/python3.10/site-packages/mpu9250/imusensor/filters
copying /root/ros2_ws2/build/mpu9250/build/lib/mpu9250/imusensor/filters/__init__.py -> /root/ros2_ws2/install/mpu9250/lib/python3.10/site-packages/mpu9250/imusensor/filters
copying /root/ros2_ws2/build/mpu9250/build/lib/mpu9250/imusensor/filters/complimentary.py -> /root/ros2_ws2/install/mpu9250/lib/python3.10/site-packages/mpu9250/imusensor/filters
creating /root/ros2_ws2/install/mpu9250/lib/python3.10/site-packages/mpu9250/imusensor/MPU9250
copying /root/ros2_ws2/build/mpu9250/build/lib/mpu9250/imusensor/MPU9250/config.py -> /root/ros2_ws2/install/mpu9250/lib/python3.10/site-packages/mpu9250/imusensor/MPU9250
copying /root/ros2_ws2/build/mpu9250/build/lib/mpu9250/imusensor/MPU9250/__init__.py -> /root/ros2_ws2/install/mpu9250/lib/python3.10/site-packages/mpu9250/imusensor/MPU9250
copying /root/ros2_ws2/build/mpu9250/build/lib/mpu9250/imusensor/MPU9250/MPU9250.py -> /root/ros2_ws2/install/mpu9250/lib/python3.10/site-packages/mpu9250/imusensor/MPU9250
copying /root/ros2_ws2/build/mpu9250/build/lib/mpu9250/mpu9250_publisher.py -> /root/ros2_ws2/install/mpu9250/lib/python3.10/site-packages/mpu9250
byte-compiling /root/ros2_ws2/install/mpu9250/lib/python3.10/site-packages/mpu9250/__init__.py to __init__.cpython-310.pyc
byte-compiling /root/ros2_ws2/install/mpu9250/lib/python3.10/site-packages/mpu9250/imusensor/__init__.py to __init__.cpython-310.pyc
byte-compiling /root/ros2_ws2/install/mpu9250/lib/python3.10/site-packages/mpu9250/imusensor/filters/madgwick.py to madgwick.cpython-310.pyc
byte-compiling /root/ros2_ws2/install/mpu9250/lib/python3.10/site-packages/mpu9250/imusensor/filters/kalman.py to kalman.cpython-310.pyc
byte-compiling /root/ros2_ws2/install/mpu9250/lib/python3.10/site-packages/mpu9250/imusensor/filters/__init__.py to __init__.cpython-310.pyc
byte-compiling /root/ros2_ws2/install/mpu9250/lib/python3.10/site-packages/mpu9250/imusensor/filters/complimentary.py to complimentary.cpython-310.pyc
byte-compiling /root/ros2_ws2/install/mpu9250/lib/python3.10/site-packages/mpu9250/imusensor/MPU9250/config.py to config.cpython-310.pyc
byte-compiling /root/ros2_ws2/install/mpu9250/lib/python3.10/site-packages/mpu9250/imusensor/MPU9250/__init__.py to __init__.cpython-310.pyc
byte-compiling /root/ros2_ws2/install/mpu9250/lib/python3.10/site-packages/mpu9250/imusensor/MPU9250/MPU9250.py to MPU9250.cpython-310.pyc
byte-compiling /root/ros2_ws2/install/mpu9250/lib/python3.10/site-packages/mpu9250/mpu9250_publisher.py to mpu9250_publisher.cpython-310.pyc
running install_data
creating /root/ros2_ws2/install/mpu9250/share/ament_index
creating /root/ros2_ws2/install/mpu9250/share/ament_index/resource_index
creating /root/ros2_ws2/install/mpu9250/share/ament_index/resource_index/packages
copying resource/mpu9250 -> /root/ros2_ws2/install/mpu9250/share/ament_index/resource_index/packages
copying package.xml -> /root/ros2_ws2/install/mpu9250/share/mpu9250
running install_egg_info
Copying ../../build/mpu9250/mpu9250.egg-info to /root/ros2_ws2/install/mpu9250/lib/python3.10/site-packages/mpu9250-0.0.0-py3.10.egg-info
running install_scripts
writing list of installed files to '/root/ros2_ws2/build/mpu9250/install.log'
