[0.519s] Invoking command in '/root/ros2_ws/build/sllidar_ros2': CMAKE_PREFIX_PATH=${CMAKE_PREFIX_PATH}:/root/ros2_ws/install/mpu9250:/opt/ros/humble /usr/bin/cmake --build /root/ros2_ws/build/sllidar_ros2 -- -j4 -l4
[1.525s] [ 10%] Built target sllidar_client
[1.533s] [100%] Built target sllidar_node
[1.574s] Invoked command in '/root/ros2_ws/build/sllidar_ros2' returned '0': CMAKE_PREFIX_PATH=${CMAKE_PREFIX_PATH}:/root/ros2_ws/install/mpu9250:/opt/ros/humble /usr/bin/cmake --build /root/ros2_ws/build/sllidar_ros2 -- -j4 -l4
[1.726s] Invoking command in '/root/ros2_ws/build/sllidar_ros2': CMAKE_PREFIX_PATH=${CMAKE_PREFIX_PATH}:/root/ros2_ws/install/mpu9250:/opt/ros/humble /usr/bin/cmake --install /root/ros2_ws/build/sllidar_ros2
[1.744s] -- Install configuration: ""
[1.749s] -- Up-to-date: /root/ros2_ws/install/sllidar_ros2/share/sllidar_ros2/launch
[1.755s] -- Up-to-date: /root/ros2_ws/install/sllidar_ros2/share/sllidar_ros2/launch/view_sllidar_s2_launch.py
[1.758s] -- Up-to-date: /root/ros2_ws/install/sllidar_ros2/share/sllidar_ros2/launch/view_sllidar_s1_tcp_launch.py
[1.760s] -- Up-to-date: /root/ros2_ws/install/sllidar_ros2/share/sllidar_ros2/launch/sllidar_a2m7_launch.py
[1.762s] -- Up-to-date: /root/ros2_ws/install/sllidar_ros2/share/sllidar_ros2/launch/sllidar_a2m12_launch .py
[1.763s] -- Up-to-date: /root/ros2_ws/install/sllidar_ros2/share/sllidar_ros2/launch/view_sllidar_s1_launch.py
[1.763s] -- Up-to-date: /root/ros2_ws/install/sllidar_ros2/share/sllidar_ros2/launch/sllidar_s1_launch.py
[1.764s] -- Up-to-date: /root/ros2_ws/install/sllidar_ros2/share/sllidar_ros2/launch/sllidar_c1_launch.py
[1.764s] -- Up-to-date: /root/ros2_ws/install/sllidar_ros2/share/sllidar_ros2/launch/view_sllidar_a1_launch.py
[1.764s] -- Up-to-date: /root/ros2_ws/install/sllidar_ros2/share/sllidar_ros2/launch/view_sllidar_s3_launch.py
[1.764s] -- Up-to-date: /root/ros2_ws/install/sllidar_ros2/share/sllidar_ros2/launch/view_sllidar_a3_launch.py
[1.764s] -- Up-to-date: /root/ros2_ws/install/sllidar_ros2/share/sllidar_ros2/launch/view_sllidar_t1_launch.py
[1.764s] -- Up-to-date: /root/ros2_ws/install/sllidar_ros2/share/sllidar_ros2/launch/view_sllidar_s2e_launch.py
[1.764s] -- Up-to-date: /root/ros2_ws/install/sllidar_ros2/share/sllidar_ros2/launch/sllidar_s3_launch.py
[1.764s] -- Up-to-date: /root/ros2_ws/install/sllidar_ros2/share/sllidar_ros2/launch/view_sllidar_a2m8_launch.py
[1.764s] -- Up-to-date: /root/ros2_ws/install/sllidar_ros2/share/sllidar_ros2/launch/view_sllidar_a2m12_launch.py
[1.764s] -- Up-to-date: /root/ros2_ws/install/sllidar_ros2/share/sllidar_ros2/launch/view_sllidar_a2m7_launch.py
[1.765s] -- Up-to-date: /root/ros2_ws/install/sllidar_ros2/share/sllidar_ros2/launch/sllidar_t1_launch.py
[1.765s] -- Up-to-date: /root/ros2_ws/install/sllidar_ros2/share/sllidar_ros2/launch/sllidar_s2e_launch.py
[1.765s] -- Up-to-date: /root/ros2_ws/install/sllidar_ros2/share/sllidar_ros2/launch/view_sllidar_c1_launch.py
[1.765s] -- Up-to-date: /root/ros2_ws/install/sllidar_ros2/share/sllidar_ros2/launch/sllidar_a3_launch.py
[1.765s] -- Up-to-date: /root/ros2_ws/install/sllidar_ros2/share/sllidar_ros2/launch/sllidar_s2_launch.py
[1.765s] -- Up-to-date: /root/ros2_ws/install/sllidar_ros2/share/sllidar_ros2/launch/sllidar_s1_tcp_launch.py
[1.765s] -- Up-to-date: /root/ros2_ws/install/sllidar_ros2/share/sllidar_ros2/launch/sllidar_a1_launch.py
[1.765s] -- Up-to-date: /root/ros2_ws/install/sllidar_ros2/share/sllidar_ros2/launch/sllidar_a2m8_launch.py
[1.765s] -- Up-to-date: /root/ros2_ws/install/sllidar_ros2/share/sllidar_ros2/rviz
[1.765s] -- Up-to-date: /root/ros2_ws/install/sllidar_ros2/share/sllidar_ros2/rviz/sllidar_ros2.rviz
[1.769s] -- Up-to-date: /root/ros2_ws/install/sllidar_ros2/lib/sllidar_ros2/sllidar_node
[1.772s] -- Up-to-date: /root/ros2_ws/install/sllidar_ros2/lib/sllidar_ros2/sllidar_client
[1.773s] -- Up-to-date: /root/ros2_ws/install/sllidar_ros2/share/ament_index/resource_index/package_run_dependencies/sllidar_ros2
[1.774s] -- Up-to-date: /root/ros2_ws/install/sllidar_ros2/share/ament_index/resource_index/parent_prefix_path/sllidar_ros2
[1.774s] -- Up-to-date: /root/ros2_ws/install/sllidar_ros2/share/sllidar_ros2/environment/ament_prefix_path.sh
[1.774s] -- Up-to-date: /root/ros2_ws/install/sllidar_ros2/share/sllidar_ros2/environment/ament_prefix_path.dsv
[1.774s] -- Up-to-date: /root/ros2_ws/install/sllidar_ros2/share/sllidar_ros2/environment/path.sh
[1.775s] -- Up-to-date: /root/ros2_ws/install/sllidar_ros2/share/sllidar_ros2/environment/path.dsv
[1.775s] -- Up-to-date: /root/ros2_ws/install/sllidar_ros2/share/sllidar_ros2/local_setup.bash
[1.775s] -- Up-to-date: /root/ros2_ws/install/sllidar_ros2/share/sllidar_ros2/local_setup.sh
[1.775s] -- Up-to-date: /root/ros2_ws/install/sllidar_ros2/share/sllidar_ros2/local_setup.zsh
[1.776s] -- Up-to-date: /root/ros2_ws/install/sllidar_ros2/share/sllidar_ros2/local_setup.dsv
[1.776s] -- Installing: /root/ros2_ws/install/sllidar_ros2/share/sllidar_ros2/package.dsv
[1.777s] -- Up-to-date: /root/ros2_ws/install/sllidar_ros2/share/ament_index/resource_index/packages/sllidar_ros2
[1.778s] -- Up-to-date: /root/ros2_ws/install/sllidar_ros2/share/sllidar_ros2/cmake/ament_cmake_export_dependencies-extras.cmake
[1.779s] -- Up-to-date: /root/ros2_ws/install/sllidar_ros2/share/sllidar_ros2/cmake/ament_cmake_export_include_directories-extras.cmake
[1.779s] -- Up-to-date: /root/ros2_ws/install/sllidar_ros2/share/sllidar_ros2/cmake/sllidar_ros2Config.cmake
[1.779s] -- Up-to-date: /root/ros2_ws/install/sllidar_ros2/share/sllidar_ros2/cmake/sllidar_ros2Config-version.cmake
[1.779s] -- Up-to-date: /root/ros2_ws/install/sllidar_ros2/share/sllidar_ros2/package.xml
[1.788s] Invoked command in '/root/ros2_ws/build/sllidar_ros2' returned '0': CMAKE_PREFIX_PATH=${CMAKE_PREFIX_PATH}:/root/ros2_ws/install/mpu9250:/opt/ros/humble /usr/bin/cmake --install /root/ros2_ws/build/sllidar_ros2
