[2.402s] Invoking command in '/root/ros2_ws/src/mpu9250': PYTHONPATH=/root/ros2_ws/build/mpu9250/prefix_override:/root/ros2_ws/install/mpu9250/lib/python3.10/site-packages:${PYTHONPATH} /usr/bin/python3 -W ignore:setup.py install is deprecated setup.py egg_info --egg-base ../../build/mpu9250 build --build-base /root/ros2_ws/build/mpu9250/build install --record /root/ros2_ws/build/mpu9250/install.log --single-version-externally-managed install_data
[3.107s] running egg_info
[3.109s] writing ../../build/mpu9250/mpu9250.egg-info/PKG-INFO
[3.109s] writing dependency_links to ../../build/mpu9250/mpu9250.egg-info/dependency_links.txt
[3.114s] writing entry points to ../../build/mpu9250/mpu9250.egg-info/entry_points.txt
[3.114s] writing requirements to ../../build/mpu9250/mpu9250.egg-info/requires.txt
[3.115s] writing top-level names to ../../build/mpu9250/mpu9250.egg-info/top_level.txt
[3.123s] reading manifest file '../../build/mpu9250/mpu9250.egg-info/SOURCES.txt'
[3.125s] writing manifest file '../../build/mpu9250/mpu9250.egg-info/SOURCES.txt'
[3.125s] running build
[3.125s] running build_py
[3.126s] copying mpu9250/mpu9250_node.py -> /root/ros2_ws/build/mpu9250/build/lib/mpu9250
[3.128s] running install
[3.129s] running install_lib
[3.140s] copying /root/ros2_ws/build/mpu9250/build/lib/mpu9250/mpu9250_node.py -> /root/ros2_ws/install/mpu9250/lib/python3.10/site-packages/mpu9250
[3.150s] byte-compiling /root/ros2_ws/install/mpu9250/lib/python3.10/site-packages/mpu9250/mpu9250_node.py to mpu9250_node.cpython-310.pyc
[3.154s] running install_data
[3.155s] running install_egg_info
[3.169s] removing '/root/ros2_ws/install/mpu9250/lib/python3.10/site-packages/mpu9250-0.0.0-py3.10.egg-info' (and everything under it)
[3.171s] Copying ../../build/mpu9250/mpu9250.egg-info to /root/ros2_ws/install/mpu9250/lib/python3.10/site-packages/mpu9250-0.0.0-py3.10.egg-info
[3.174s] running install_scripts
[3.251s] Installing mpu9250_node script to /root/ros2_ws/install/mpu9250/lib/mpu9250
[3.253s] writing list of installed files to '/root/ros2_ws/build/mpu9250/install.log'
[3.423s] Invoked command in '/root/ros2_ws/src/mpu9250' returned '0': PYTHONPATH=/root/ros2_ws/build/mpu9250/prefix_override:/root/ros2_ws/install/mpu9250/lib/python3.10/site-packages:${PYTHONPATH} /usr/bin/python3 -W ignore:setup.py install is deprecated setup.py egg_info --egg-base ../../build/mpu9250 build --build-base /root/ros2_ws/build/mpu9250/build install --record /root/ros2_ws/build/mpu9250/install.log --single-version-externally-managed install_data
