[2.098s] Invoking command in '/root/ros2_ws/src/mpu9250': PYTHONPATH=/root/ros2_ws/build/mpu9250/prefix_override:/root/ros2_ws/install/mpu9250/lib/python3.10/site-packages:${PYTHONPATH} /usr/bin/python3 -W ignore:setup.py install is deprecated setup.py egg_info --egg-base ../../build/mpu9250 build --build-base /root/ros2_ws/build/mpu9250/build install --record /root/ros2_ws/build/mpu9250/install.log --single-version-externally-managed install_data
[2.683s] running egg_info
[2.685s] writing ../../build/mpu9250/mpu9250.egg-info/PKG-INFO
[2.685s] writing dependency_links to ../../build/mpu9250/mpu9250.egg-info/dependency_links.txt
[2.689s] writing entry points to ../../build/mpu9250/mpu9250.egg-info/entry_points.txt
[2.690s] writing requirements to ../../build/mpu9250/mpu9250.egg-info/requires.txt
[2.691s] writing top-level names to ../../build/mpu9250/mpu9250.egg-info/top_level.txt
[2.703s] reading manifest file '../../build/mpu9250/mpu9250.egg-info/SOURCES.txt'
[2.705s] writing manifest file '../../build/mpu9250/mpu9250.egg-info/SOURCES.txt'
[2.705s] running build
[2.705s] running build_py
[2.707s] copying mpu9250/mpu9250_node.py -> /root/ros2_ws/build/mpu9250/build/lib/mpu9250
[2.713s] running install
[2.714s] running install_lib
[2.716s] copying /root/ros2_ws/build/mpu9250/build/lib/mpu9250/mpu9250_node.py -> /root/ros2_ws/install/mpu9250/lib/python3.10/site-packages/mpu9250
[2.718s] byte-compiling /root/ros2_ws/install/mpu9250/lib/python3.10/site-packages/mpu9250/mpu9250_node.py to mpu9250_node.cpython-310.pyc
[2.721s] running install_data
[2.721s] running install_egg_info
[2.725s] removing '/root/ros2_ws/install/mpu9250/lib/python3.10/site-packages/mpu9250-0.0.0-py3.10.egg-info' (and everything under it)
[2.725s] Copying ../../build/mpu9250/mpu9250.egg-info to /root/ros2_ws/install/mpu9250/lib/python3.10/site-packages/mpu9250-0.0.0-py3.10.egg-info
[2.728s] running install_scripts
[2.802s] Installing mpu9250_node script to /root/ros2_ws/install/mpu9250/lib/mpu9250
[2.804s] writing list of installed files to '/root/ros2_ws/build/mpu9250/install.log'
[2.998s] Invoked command in '/root/ros2_ws/src/mpu9250' returned '0': PYTHONPATH=/root/ros2_ws/build/mpu9250/prefix_override:/root/ros2_ws/install/mpu9250/lib/python3.10/site-packages:${PYTHONPATH} /usr/bin/python3 -W ignore:setup.py install is deprecated setup.py egg_info --egg-base ../../build/mpu9250 build --build-base /root/ros2_ws/build/mpu9250/build install --record /root/ros2_ws/build/mpu9250/install.log --single-version-externally-managed install_data
