[2.135s] Invoking command in '/root/ros2_ws/src/mpu9250': PYTHONPATH=/root/ros2_ws/build/mpu9250/prefix_override:/root/ros2_ws/install/mpu9250/lib/python3.10/site-packages:${PYTHONPATH} /usr/bin/python3 -W ignore:setup.py install is deprecated setup.py egg_info --egg-base ../../build/mpu9250 build --build-base /root/ros2_ws/build/mpu9250/build install --record /root/ros2_ws/build/mpu9250/install.log --single-version-externally-managed install_data
[2.757s] running egg_info
[2.758s] writing ../../build/mpu9250/mpu9250.egg-info/PKG-INFO
[2.759s] writing dependency_links to ../../build/mpu9250/mpu9250.egg-info/dependency_links.txt
[2.765s] writing entry points to ../../build/mpu9250/mpu9250.egg-info/entry_points.txt
[2.767s] writing requirements to ../../build/mpu9250/mpu9250.egg-info/requires.txt
[2.768s] writing top-level names to ../../build/mpu9250/mpu9250.egg-info/top_level.txt
[2.775s] reading manifest file '../../build/mpu9250/mpu9250.egg-info/SOURCES.txt'
[2.776s] writing manifest file '../../build/mpu9250/mpu9250.egg-info/SOURCES.txt'
[2.776s] running build
[2.776s] running build_py
[2.778s] copying mpu9250/mpu9250_node.py -> /root/ros2_ws/build/mpu9250/build/lib/mpu9250
[2.783s] running install
[2.783s] running install_lib
[2.786s] copying /root/ros2_ws/build/mpu9250/build/lib/mpu9250/mpu9250_node.py -> /root/ros2_ws/install/mpu9250/lib/python3.10/site-packages/mpu9250
[2.791s] byte-compiling /root/ros2_ws/install/mpu9250/lib/python3.10/site-packages/mpu9250/mpu9250_node.py to mpu9250_node.cpython-310.pyc
[2.794s] running install_data
[2.795s] running install_egg_info
[2.798s] removing '/root/ros2_ws/install/mpu9250/lib/python3.10/site-packages/mpu9250-0.0.0-py3.10.egg-info' (and everything under it)
[2.799s] Copying ../../build/mpu9250/mpu9250.egg-info to /root/ros2_ws/install/mpu9250/lib/python3.10/site-packages/mpu9250-0.0.0-py3.10.egg-info
[2.801s] running install_scripts
[2.878s] Installing mpu9250_node script to /root/ros2_ws/install/mpu9250/lib/mpu9250
[2.879s] writing list of installed files to '/root/ros2_ws/build/mpu9250/install.log'
[3.060s] Invoked command in '/root/ros2_ws/src/mpu9250' returned '0': PYTHONPATH=/root/ros2_ws/build/mpu9250/prefix_override:/root/ros2_ws/install/mpu9250/lib/python3.10/site-packages:${PYTHONPATH} /usr/bin/python3 -W ignore:setup.py install is deprecated setup.py egg_info --egg-base ../../build/mpu9250 build --build-base /root/ros2_ws/build/mpu9250/build install --record /root/ros2_ws/build/mpu9250/install.log --single-version-externally-managed install_data
