[1.264s] Invoking command in '/root/ros2_ws2/src/mpu9250': PYTHONPATH=/root/ros2_ws2/build/mpu9250/prefix_override:/root/ros2_ws2/install/mpu9250/lib/python3.10/site-packages:${PYTHONPATH} /usr/bin/python3 -W ignore:setup.py install is deprecated setup.py egg_info --egg-base ../../build/mpu9250 build --build-base /root/ros2_ws2/build/mpu9250/build install --record /root/ros2_ws2/build/mpu9250/install.log --single-version-externally-managed install_data
[1.694s] running egg_info
[1.696s] writing ../../build/mpu9250/mpu9250.egg-info/PKG-INFO
[1.696s] writing dependency_links to ../../build/mpu9250/mpu9250.egg-info/dependency_links.txt
[1.700s] writing entry points to ../../build/mpu9250/mpu9250.egg-info/entry_points.txt
[1.701s] writing requirements to ../../build/mpu9250/mpu9250.egg-info/requires.txt
[1.701s] writing top-level names to ../../build/mpu9250/mpu9250.egg-info/top_level.txt
[1.707s] reading manifest file '../../build/mpu9250/mpu9250.egg-info/SOURCES.txt'
[1.708s] writing manifest file '../../build/mpu9250/mpu9250.egg-info/SOURCES.txt'
[1.709s] running build
[1.709s] running build_py
[1.709s] copying mpu9250/mpu9250_node.py -> /root/ros2_ws2/build/mpu9250/build/lib/mpu9250
[1.711s] running install
[1.712s] running install_lib
[1.713s] copying /root/ros2_ws2/build/mpu9250/build/lib/mpu9250/mpu9250_node.py -> /root/ros2_ws2/install/mpu9250/lib/python3.10/site-packages/mpu9250
[1.715s] byte-compiling /root/ros2_ws2/install/mpu9250/lib/python3.10/site-packages/mpu9250/mpu9250_node.py to mpu9250_node.cpython-310.pyc
[1.717s] running install_data
[1.717s] running install_egg_info
[1.720s] removing '/root/ros2_ws2/install/mpu9250/lib/python3.10/site-packages/mpu9250-0.0.0-py3.10.egg-info' (and everything under it)
[1.721s] Copying ../../build/mpu9250/mpu9250.egg-info to /root/ros2_ws2/install/mpu9250/lib/python3.10/site-packages/mpu9250-0.0.0-py3.10.egg-info
[1.731s] running install_scripts
[1.779s] Installing mpu9250_node script to /root/ros2_ws2/install/mpu9250/lib/mpu9250
[1.780s] writing list of installed files to '/root/ros2_ws2/build/mpu9250/install.log'
[1.915s] Invoked command in '/root/ros2_ws2/src/mpu9250' returned '0': PYTHONPATH=/root/ros2_ws2/build/mpu9250/prefix_override:/root/ros2_ws2/install/mpu9250/lib/python3.10/site-packages:${PYTHONPATH} /usr/bin/python3 -W ignore:setup.py install is deprecated setup.py egg_info --egg-base ../../build/mpu9250 build --build-base /root/ros2_ws2/build/mpu9250/build install --record /root/ros2_ws2/build/mpu9250/install.log --single-version-externally-managed install_data
