[1.589s] Invoking command in '/root/ros2_ws/src/mpu9250': PYTHONPATH=/root/ros2_ws/build/mpu9250/prefix_override:/root/ros2_ws/install/mpu9250/lib/python3.10/site-packages:${PYTHONPATH} /usr/bin/python3 -W ignore:setup.py install is deprecated setup.py egg_info --egg-base ../../build/mpu9250 build --build-base /root/ros2_ws/build/mpu9250/build install --record /root/ros2_ws/build/mpu9250/install.log --single-version-externally-managed install_data
[2.041s] running egg_info
[2.043s] writing ../../build/mpu9250/mpu9250.egg-info/PKG-INFO
[2.047s] writing dependency_links to ../../build/mpu9250/mpu9250.egg-info/dependency_links.txt
[2.052s] writing entry points to ../../build/mpu9250/mpu9250.egg-info/entry_points.txt
[2.056s] writing requirements to ../../build/mpu9250/mpu9250.egg-info/requires.txt
[2.060s] writing top-level names to ../../build/mpu9250/mpu9250.egg-info/top_level.txt
[2.082s] reading manifest file '../../build/mpu9250/mpu9250.egg-info/SOURCES.txt'
[2.085s] writing manifest file '../../build/mpu9250/mpu9250.egg-info/SOURCES.txt'
[2.085s] running build
[2.085s] running build_py
[2.126s] running install
[2.127s] running install_lib
[2.149s] running install_data
[2.149s] running install_egg_info
[2.161s] removing '/root/ros2_ws/install/mpu9250/lib/python3.10/site-packages/mpu9250-0.0.0-py3.10.egg-info' (and everything under it)
[2.162s] Copying ../../build/mpu9250/mpu9250.egg-info to /root/ros2_ws/install/mpu9250/lib/python3.10/site-packages/mpu9250-0.0.0-py3.10.egg-info
[2.168s] running install_scripts
[2.203s] Installing mpu9250_node script to /root/ros2_ws/install/mpu9250/lib/mpu9250
[2.207s] writing list of installed files to '/root/ros2_ws/build/mpu9250/install.log'
[2.308s] Invoked command in '/root/ros2_ws/src/mpu9250' returned '0': PYTHONPATH=/root/ros2_ws/build/mpu9250/prefix_override:/root/ros2_ws/install/mpu9250/lib/python3.10/site-packages:${PYTHONPATH} /usr/bin/python3 -W ignore:setup.py install is deprecated setup.py egg_info --egg-base ../../build/mpu9250 build --build-base /root/ros2_ws/build/mpu9250/build install --record /root/ros2_ws/build/mpu9250/install.log --single-version-externally-managed install_data
