[1.570s] Invoking command in '/root/ros2_ws/src/mpu9250': PYTHONPATH=/root/ros2_ws/build/mpu9250/prefix_override:/root/ros2_ws/install/mpu9250/lib/python3.10/site-packages:${PYTHONPATH} /usr/bin/python3 -W ignore:setup.py install is deprecated setup.py egg_info --egg-base ../../build/mpu9250 build --build-base /root/ros2_ws/build/mpu9250/build install --record /root/ros2_ws/build/mpu9250/install.log --single-version-externally-managed install_data
[1.993s] running egg_info
[1.995s] writing ../../build/mpu9250/mpu9250.egg-info/PKG-INFO
[1.999s] writing dependency_links to ../../build/mpu9250/mpu9250.egg-info/dependency_links.txt
[2.000s] writing entry points to ../../build/mpu9250/mpu9250.egg-info/entry_points.txt
[2.001s] writing requirements to ../../build/mpu9250/mpu9250.egg-info/requires.txt
[2.001s] writing top-level names to ../../build/mpu9250/mpu9250.egg-info/top_level.txt
[2.030s] reading manifest file '../../build/mpu9250/mpu9250.egg-info/SOURCES.txt'
[2.034s] writing manifest file '../../build/mpu9250/mpu9250.egg-info/SOURCES.txt'
[2.035s] running build
[2.039s] running build_py
[2.049s] copying mpu9250/test.py -> /root/ros2_ws/build/mpu9250/build/lib/mpu9250
[2.063s] copying mpu9250/imusensor/MPU9250/MPU9250.py -> /root/ros2_ws/build/mpu9250/build/lib/mpu9250/imusensor/MPU9250
[2.066s] running install
[2.067s] running install_lib
[2.072s] copying /root/ros2_ws/build/mpu9250/build/lib/mpu9250/test.py -> /root/ros2_ws/install/mpu9250/lib/python3.10/site-packages/mpu9250
[2.076s] copying /root/ros2_ws/build/mpu9250/build/lib/mpu9250/imusensor/MPU9250/MPU9250.py -> /root/ros2_ws/install/mpu9250/lib/python3.10/site-packages/mpu9250/imusensor/MPU9250
[2.078s] byte-compiling /root/ros2_ws/install/mpu9250/lib/python3.10/site-packages/mpu9250/test.py to test.cpython-310.pyc
[2.081s] byte-compiling /root/ros2_ws/install/mpu9250/lib/python3.10/site-packages/mpu9250/imusensor/MPU9250/MPU9250.py to MPU9250.cpython-310.pyc
[2.102s] running install_data
[2.103s] running install_egg_info
[2.113s] removing '/root/ros2_ws/install/mpu9250/lib/python3.10/site-packages/mpu9250-0.0.0-py3.10.egg-info' (and everything under it)
[2.113s] Copying ../../build/mpu9250/mpu9250.egg-info to /root/ros2_ws/install/mpu9250/lib/python3.10/site-packages/mpu9250-0.0.0-py3.10.egg-info
[2.125s] running install_scripts
[2.179s] Installing mpu9250_node script to /root/ros2_ws/install/mpu9250/lib/mpu9250
[2.184s] writing list of installed files to '/root/ros2_ws/build/mpu9250/install.log'
[2.288s] Invoked command in '/root/ros2_ws/src/mpu9250' returned '0': PYTHONPATH=/root/ros2_ws/build/mpu9250/prefix_override:/root/ros2_ws/install/mpu9250/lib/python3.10/site-packages:${PYTHONPATH} /usr/bin/python3 -W ignore:setup.py install is deprecated setup.py egg_info --egg-base ../../build/mpu9250 build --build-base /root/ros2_ws/build/mpu9250/build install --record /root/ros2_ws/build/mpu9250/install.log --single-version-externally-managed install_data
