[1.079s] Invoking command in '/root/ros2_ws2/src/mpu9250': PYTHONPATH=/root/ros2_ws2/build/mpu9250/prefix_override:/root/ros2_ws2/install/mpu9250/lib/python3.10/site-packages:${PYTHONPATH} /usr/bin/python3 -W ignore:setup.py install is deprecated setup.py egg_info --egg-base ../../build/mpu9250 build --build-base /root/ros2_ws2/build/mpu9250/build install --record /root/ros2_ws2/build/mpu9250/install.log --single-version-externally-managed install_data
[1.452s] running egg_info
[1.453s] writing ../../build/mpu9250/mpu9250.egg-info/PKG-INFO
[1.453s] writing dependency_links to ../../build/mpu9250/mpu9250.egg-info/dependency_links.txt
[1.457s] writing entry points to ../../build/mpu9250/mpu9250.egg-info/entry_points.txt
[1.458s] writing requirements to ../../build/mpu9250/mpu9250.egg-info/requires.txt
[1.459s] writing top-level names to ../../build/mpu9250/mpu9250.egg-info/top_level.txt
[1.462s] reading manifest file '../../build/mpu9250/mpu9250.egg-info/SOURCES.txt'
[1.464s] writing manifest file '../../build/mpu9250/mpu9250.egg-info/SOURCES.txt'
[1.464s] running build
[1.464s] running build_py
[1.466s] running install
[1.466s] running install_lib
[1.469s] running install_data
[1.469s] running install_egg_info
[1.472s] removing '/root/ros2_ws2/install/mpu9250/lib/python3.10/site-packages/mpu9250-0.0.0-py3.10.egg-info' (and everything under it)
[1.473s] Copying ../../build/mpu9250/mpu9250.egg-info to /root/ros2_ws2/install/mpu9250/lib/python3.10/site-packages/mpu9250-0.0.0-py3.10.egg-info
[1.474s] running install_scripts
[1.504s] Installing mpu9250_node script to /root/ros2_ws2/install/mpu9250/lib/mpu9250
[1.507s] writing list of installed files to '/root/ros2_ws2/build/mpu9250/install.log'
[1.597s] Invoked command in '/root/ros2_ws2/src/mpu9250' returned '0': PYTHONPATH=/root/ros2_ws2/build/mpu9250/prefix_override:/root/ros2_ws2/install/mpu9250/lib/python3.10/site-packages:${PYTHONPATH} /usr/bin/python3 -W ignore:setup.py install is deprecated setup.py egg_info --egg-base ../../build/mpu9250 build --build-base /root/ros2_ws2/build/mpu9250/build install --record /root/ros2_ws2/build/mpu9250/install.log --single-version-externally-managed install_data
