[1.088s] Invoking command in '/root/ros2_ws2/src/mpu9250': PYTHONPATH=/root/ros2_ws2/build/mpu9250/prefix_override:/root/ros2_ws2/install/mpu9250/lib/python3.10/site-packages:${PYTHONPATH} /usr/bin/python3 -W ignore:setup.py install is deprecated setup.py egg_info --egg-base ../../build/mpu9250 build --build-base /root/ros2_ws2/build/mpu9250/build install --record /root/ros2_ws2/build/mpu9250/install.log --single-version-externally-managed install_data
[1.469s] running egg_info
[1.470s] writing ../../build/mpu9250/mpu9250.egg-info/PKG-INFO
[1.470s] writing dependency_links to ../../build/mpu9250/mpu9250.egg-info/dependency_links.txt
[1.474s] writing entry points to ../../build/mpu9250/mpu9250.egg-info/entry_points.txt
[1.475s] writing requirements to ../../build/mpu9250/mpu9250.egg-info/requires.txt
[1.476s] writing top-level names to ../../build/mpu9250/mpu9250.egg-info/top_level.txt
[1.479s] reading manifest file '../../build/mpu9250/mpu9250.egg-info/SOURCES.txt'
[1.481s] writing manifest file '../../build/mpu9250/mpu9250.egg-info/SOURCES.txt'
[1.481s] running build
[1.481s] running build_py
[1.481s] copying mpu9250/mpu9250_publisher.py -> /root/ros2_ws2/build/mpu9250/build/lib/mpu9250
[1.482s] running install
[1.483s] running install_lib
[1.484s] copying /root/ros2_ws2/build/mpu9250/build/lib/mpu9250/mpu9250_publisher.py -> /root/ros2_ws2/install/mpu9250/lib/python3.10/site-packages/mpu9250
[1.486s] byte-compiling /root/ros2_ws2/install/mpu9250/lib/python3.10/site-packages/mpu9250/mpu9250_publisher.py to mpu9250_publisher.cpython-310.pyc
[1.486s]   File "/root/ros2_ws2/install/mpu9250/lib/python3.10/site-packages/mpu9250/mpu9250_publisher.py", line 12
[1.486s]     from imusensor/imusensor.MPU9250 import MPU9250
[1.486s]                   ^
[1.486s] SyntaxError: invalid syntax
[1.487s] 
[1.487s] running install_data
[1.487s] running install_egg_info
[1.489s] removing '/root/ros2_ws2/install/mpu9250/lib/python3.10/site-packages/mpu9250-0.0.0-py3.10.egg-info' (and everything under it)
[1.490s] Copying ../../build/mpu9250/mpu9250.egg-info to /root/ros2_ws2/install/mpu9250/lib/python3.10/site-packages/mpu9250-0.0.0-py3.10.egg-info
[1.491s] running install_scripts
[1.544s] Installing mpu9250_publisher script to /root/ros2_ws2/install/mpu9250/lib/mpu9250
[1.545s] writing list of installed files to '/root/ros2_ws2/build/mpu9250/install.log'
[1.633s] Invoked command in '/root/ros2_ws2/src/mpu9250' returned '0': PYTHONPATH=/root/ros2_ws2/build/mpu9250/prefix_override:/root/ros2_ws2/install/mpu9250/lib/python3.10/site-packages:${PYTHONPATH} /usr/bin/python3 -W ignore:setup.py install is deprecated setup.py egg_info --egg-base ../../build/mpu9250 build --build-base /root/ros2_ws2/build/mpu9250/build install --record /root/ros2_ws2/build/mpu9250/install.log --single-version-externally-managed install_data
