[1.485s] Invoking command in '/root/ros2_ws2/src/mpu9250': PYTHONPATH=/root/ros2_ws2/build/mpu9250/prefix_override:/root/ros2_ws2/install/mpu9250/lib/python3.10/site-packages:${PYTHONPATH} /usr/bin/python3 -W ignore:setup.py install is deprecated setup.py egg_info --egg-base ../../build/mpu9250 build --build-base /root/ros2_ws2/build/mpu9250/build install --record /root/ros2_ws2/build/mpu9250/install.log --single-version-externally-managed install_data
[1.995s] running egg_info
[1.996s] writing ../../build/mpu9250/mpu9250.egg-info/PKG-INFO
[2.045s] writing dependency_links to ../../build/mpu9250/mpu9250.egg-info/dependency_links.txt
[2.048s] writing entry points to ../../build/mpu9250/mpu9250.egg-info/entry_points.txt
[2.052s] writing requirements to ../../build/mpu9250/mpu9250.egg-info/requires.txt
[2.056s] writing top-level names to ../../build/mpu9250/mpu9250.egg-info/top_level.txt
[2.066s] reading manifest file '../../build/mpu9250/mpu9250.egg-info/SOURCES.txt'
[2.067s] writing manifest file '../../build/mpu9250/mpu9250.egg-info/SOURCES.txt'
[2.068s] running build
[2.068s] running build_py
[2.068s] copying mpu9250/mpu9250_node.py -> /root/ros2_ws2/build/mpu9250/build/lib/mpu9250
[2.070s] running install
[2.071s] running install_lib
[2.072s] copying /root/ros2_ws2/build/mpu9250/build/lib/mpu9250/mpu9250_node.py -> /root/ros2_ws2/install/mpu9250/lib/python3.10/site-packages/mpu9250
[2.074s] byte-compiling /root/ros2_ws2/install/mpu9250/lib/python3.10/site-packages/mpu9250/mpu9250_node.py to mpu9250_node.cpython-310.pyc
[2.076s] running install_data
[2.077s] running install_egg_info
[2.082s] removing '/root/ros2_ws2/install/mpu9250/lib/python3.10/site-packages/mpu9250-0.0.0-py3.10.egg-info' (and everything under it)
[2.083s] Copying ../../build/mpu9250/mpu9250.egg-info to /root/ros2_ws2/install/mpu9250/lib/python3.10/site-packages/mpu9250-0.0.0-py3.10.egg-info
[2.086s] running install_scripts
[2.150s] Installing mpu9250_node script to /root/ros2_ws2/install/mpu9250/lib/mpu9250
[2.152s] writing list of installed files to '/root/ros2_ws2/build/mpu9250/install.log'
[2.290s] Invoked command in '/root/ros2_ws2/src/mpu9250' returned '0': PYTHONPATH=/root/ros2_ws2/build/mpu9250/prefix_override:/root/ros2_ws2/install/mpu9250/lib/python3.10/site-packages:${PYTHONPATH} /usr/bin/python3 -W ignore:setup.py install is deprecated setup.py egg_info --egg-base ../../build/mpu9250 build --build-base /root/ros2_ws2/build/mpu9250/build install --record /root/ros2_ws2/build/mpu9250/install.log --single-version-externally-managed install_data
