[1.573s] Invoking command in '/root/ros2_ws/src/mpu9250': PYTHONPATH=/root/ros2_ws/build/mpu9250/prefix_override:/root/ros2_ws/install/mpu9250/lib/python3.10/site-packages:${PYTHONPATH} /usr/bin/python3 -W ignore:setup.py install is deprecated setup.py egg_info --egg-base ../../build/mpu9250 build --build-base /root/ros2_ws/build/mpu9250/build install --record /root/ros2_ws/build/mpu9250/install.log --single-version-externally-managed install_data
[2.053s] running egg_info
[2.055s] writing ../../build/mpu9250/mpu9250.egg-info/PKG-INFO
[2.060s] writing dependency_links to ../../build/mpu9250/mpu9250.egg-info/dependency_links.txt
[2.060s] writing entry points to ../../build/mpu9250/mpu9250.egg-info/entry_points.txt
[2.061s] writing requirements to ../../build/mpu9250/mpu9250.egg-info/requires.txt
[2.062s] writing top-level names to ../../build/mpu9250/mpu9250.egg-info/top_level.txt
[2.081s] reading manifest file '../../build/mpu9250/mpu9250.egg-info/SOURCES.txt'
[2.083s] writing manifest file '../../build/mpu9250/mpu9250.egg-info/SOURCES.txt'
[2.083s] running build
[2.083s] running build_py
[2.094s] running install
[2.095s] running install_lib
[2.106s] running install_data
[2.107s] running install_egg_info
[2.112s] removing '/root/ros2_ws/install/mpu9250/lib/python3.10/site-packages/mpu9250-0.0.0-py3.10.egg-info' (and everything under it)
[2.119s] Copying ../../build/mpu9250/mpu9250.egg-info to /root/ros2_ws/install/mpu9250/lib/python3.10/site-packages/mpu9250-0.0.0-py3.10.egg-info
[2.120s] running install_scripts
[2.192s] Installing mpu9250_node script to /root/ros2_ws/install/mpu9250/lib/mpu9250
[2.197s] writing list of installed files to '/root/ros2_ws/build/mpu9250/install.log'
[2.310s] Invoked command in '/root/ros2_ws/src/mpu9250' returned '0': PYTHONPATH=/root/ros2_ws/build/mpu9250/prefix_override:/root/ros2_ws/install/mpu9250/lib/python3.10/site-packages:${PYTHONPATH} /usr/bin/python3 -W ignore:setup.py install is deprecated setup.py egg_info --egg-base ../../build/mpu9250 build --build-base /root/ros2_ws/build/mpu9250/build install --record /root/ros2_ws/build/mpu9250/install.log --single-version-externally-managed install_data
