[0.381s] Invoking command in '/root/ros2_ws/build/rplidar_ros': /usr/bin/cmake /root/ros2_ws/src/rplidar_ros -DCATKIN_INSTALL_INTO_PREFIX_ROOT=0 -DCMAKE_INSTALL_PREFIX=/root/ros2_ws/install/rplidar_ros
[0.547s] [0mCMake Deprecation Warning at CMakeLists.txt:1 (cmake_minimum_required):
[0.547s]   Compatibility with CMake < 2.8.12 will be removed from a future version of
[0.547s]   CMake.
[0.547s] 
[0.548s]   Update the VERSION argument <min> value or use a ...<max> suffix to tell
[0.548s]   CMake that the project does not need compatibility with older versions.
[0.548s] 
[0.548s] [0m
[1.248s] -- The C compiler identification is GNU 11.4.0
[1.805s] -- The CXX compiler identification is GNU 11.4.0
[1.834s] -- Detecting C compiler ABI info
[2.015s] -- Detecting C compiler ABI info - done
[2.027s] -- Check for working C compiler: /usr/bin/cc - skipped
[2.031s] -- Detecting C compile features
[2.033s] -- Detecting C compile features - done
[2.041s] -- Detecting CXX compiler ABI info
[2.208s] -- Detecting CXX compiler ABI info - done
[2.221s] -- Check for working CXX compiler: /usr/bin/c++ - skipped
[2.222s] -- Detecting CXX compile features
[2.222s] -- Detecting CXX compile features - done
[2.270s] [31mCMake Error at CMakeLists.txt:16 (find_package):
[2.270s]   By not providing "Findcatkin.cmake" in CMAKE_MODULE_PATH this project has
[2.270s]   asked CMake to find a package configuration file provided by "catkin", but
[2.270s]   CMake did not find one.
[2.270s] 
[2.270s]   Could not find a package configuration file provided by "catkin" with any
[2.270s]   of the following names:
[2.270s] 
[2.270s]     catkinConfig.cmake
[2.270s]     catkin-config.cmake
[2.270s] 
[2.270s]   Add the installation prefix of "catkin" to CMAKE_PREFIX_PATH or set
[2.270s]   "catkin_DIR" to a directory containing one of the above files.  If "catkin"
[2.271s]   provides a separate development package or SDK, be sure it has been
[2.271s]   installed.
[2.271s] 
[2.271s] [0m
[2.271s] -- Configuring incomplete, errors occurred!
[2.271s] See also "/root/ros2_ws/build/rplidar_ros/CMakeFiles/CMakeOutput.log".
[2.277s] Invoked command in '/root/ros2_ws/build/rplidar_ros' returned '1': /usr/bin/cmake /root/ros2_ws/src/rplidar_ros -DCATKIN_INSTALL_INTO_PREFIX_ROOT=0 -DCMAKE_INSTALL_PREFIX=/root/ros2_ws/install/rplidar_ros
