[1.545s] Invoking command in '/root/ros2_ws/src/mpu9250': PYTHONPATH=/root/ros2_ws/build/mpu9250/prefix_override:/root/ros2_ws/install/mpu9250/lib/python3.10/site-packages:${PYTHONPATH} /usr/bin/python3 -W ignore:setup.py install is deprecated setup.py egg_info --egg-base ../../build/mpu9250 build --build-base /root/ros2_ws/build/mpu9250/build install --record /root/ros2_ws/build/mpu9250/install.log --single-version-externally-managed install_data
[1.971s] running egg_info
[1.973s] writing ../../build/mpu9250/mpu9250.egg-info/PKG-INFO
[1.977s] writing dependency_links to ../../build/mpu9250/mpu9250.egg-info/dependency_links.txt
[1.978s] writing entry points to ../../build/mpu9250/mpu9250.egg-info/entry_points.txt
[1.979s] writing requirements to ../../build/mpu9250/mpu9250.egg-info/requires.txt
[1.979s] writing top-level names to ../../build/mpu9250/mpu9250.egg-info/top_level.txt
[1.991s] reading manifest file '../../build/mpu9250/mpu9250.egg-info/SOURCES.txt'
[1.993s] writing manifest file '../../build/mpu9250/mpu9250.egg-info/SOURCES.txt'
[1.993s] running build
[1.994s] running build_py
[1.999s] copying mpu9250/test.py -> /root/ros2_ws/build/mpu9250/build/lib/mpu9250
[1.999s] copying mpu9250/mpu9250_node.py -> /root/ros2_ws/build/mpu9250/build/lib/mpu9250
[2.004s] copying mpu9250/imusensor/MPU9250/MPU9250.py -> /root/ros2_ws/build/mpu9250/build/lib/mpu9250/imusensor/MPU9250
[2.006s] running install
[2.006s] running install_lib
[2.013s] copying /root/ros2_ws/build/mpu9250/build/lib/mpu9250/test.py -> /root/ros2_ws/install/mpu9250/lib/python3.10/site-packages/mpu9250
[2.013s] copying /root/ros2_ws/build/mpu9250/build/lib/mpu9250/mpu9250_node.py -> /root/ros2_ws/install/mpu9250/lib/python3.10/site-packages/mpu9250
[2.016s] copying /root/ros2_ws/build/mpu9250/build/lib/mpu9250/imusensor/MPU9250/MPU9250.py -> /root/ros2_ws/install/mpu9250/lib/python3.10/site-packages/mpu9250/imusensor/MPU9250
[2.023s] byte-compiling /root/ros2_ws/install/mpu9250/lib/python3.10/site-packages/mpu9250/test.py to test.cpython-310.pyc
[2.024s] byte-compiling /root/ros2_ws/install/mpu9250/lib/python3.10/site-packages/mpu9250/mpu9250_node.py to mpu9250_node.cpython-310.pyc
[2.035s] byte-compiling /root/ros2_ws/install/mpu9250/lib/python3.10/site-packages/mpu9250/imusensor/MPU9250/MPU9250.py to MPU9250.cpython-310.pyc
[2.055s] running install_data
[2.060s] running install_egg_info
[2.068s] removing '/root/ros2_ws/install/mpu9250/lib/python3.10/site-packages/mpu9250-0.0.0-py3.10.egg-info' (and everything under it)
[2.069s] Copying ../../build/mpu9250/mpu9250.egg-info to /root/ros2_ws/install/mpu9250/lib/python3.10/site-packages/mpu9250-0.0.0-py3.10.egg-info
[2.074s] running install_scripts
[2.106s] Installing mpu9250_node script to /root/ros2_ws/install/mpu9250/lib/mpu9250
[2.117s] writing list of installed files to '/root/ros2_ws/build/mpu9250/install.log'
[2.217s] Invoked command in '/root/ros2_ws/src/mpu9250' returned '0': PYTHONPATH=/root/ros2_ws/build/mpu9250/prefix_override:/root/ros2_ws/install/mpu9250/lib/python3.10/site-packages:${PYTHONPATH} /usr/bin/python3 -W ignore:setup.py install is deprecated setup.py egg_info --egg-base ../../build/mpu9250 build --build-base /root/ros2_ws/build/mpu9250/build install --record /root/ros2_ws/build/mpu9250/install.log --single-version-externally-managed install_data
