[1.089s] Invoking command in '/root/ros2_ws/src/mpu9250': PYTHONPATH=/root/ros2_ws/build/mpu9250/prefix_override:/root/ros2_ws/install/mpu9250/lib/python3.10/site-packages:${PYTHONPATH} /usr/bin/python3 -W ignore:setup.py install is deprecated setup.py egg_info --egg-base ../../build/mpu9250 build --build-base /root/ros2_ws/build/mpu9250/build install --record /root/ros2_ws/build/mpu9250/install.log --single-version-externally-managed install_data
[1.458s] running egg_info
[1.459s] writing ../../build/mpu9250/mpu9250.egg-info/PKG-INFO
[1.459s] writing dependency_links to ../../build/mpu9250/mpu9250.egg-info/dependency_links.txt
[1.463s] writing entry points to ../../build/mpu9250/mpu9250.egg-info/entry_points.txt
[1.464s] writing requirements to ../../build/mpu9250/mpu9250.egg-info/requires.txt
[1.465s] writing top-level names to ../../build/mpu9250/mpu9250.egg-info/top_level.txt
[1.468s] reading manifest file '../../build/mpu9250/mpu9250.egg-info/SOURCES.txt'
[1.469s] writing manifest file '../../build/mpu9250/mpu9250.egg-info/SOURCES.txt'
[1.470s] running build
[1.470s] running build_py
[1.470s] copying mpu9250/mpu9250_node.py -> /root/ros2_ws/build/mpu9250/build/lib/mpu9250
[1.471s] copying mpu9250/imusensor/MPU9250/MPU9250.py -> /root/ros2_ws/build/mpu9250/build/lib/mpu9250/imusensor/MPU9250
[1.472s] running install
[1.473s] running install_lib
[1.474s] copying /root/ros2_ws/build/mpu9250/build/lib/mpu9250/mpu9250_node.py -> /root/ros2_ws/install/mpu9250/lib/python3.10/site-packages/mpu9250
[1.475s] copying /root/ros2_ws/build/mpu9250/build/lib/mpu9250/imusensor/MPU9250/MPU9250.py -> /root/ros2_ws/install/mpu9250/lib/python3.10/site-packages/mpu9250/imusensor/MPU9250
[1.476s] byte-compiling /root/ros2_ws/install/mpu9250/lib/python3.10/site-packages/mpu9250/mpu9250_node.py to mpu9250_node.cpython-310.pyc
[1.478s] byte-compiling /root/ros2_ws/install/mpu9250/lib/python3.10/site-packages/mpu9250/imusensor/MPU9250/MPU9250.py to MPU9250.cpython-310.pyc
[1.480s] Sorry: TabError: inconsistent use of tabs and spaces in indentation (MPU9250.py, line 251)
[1.480s] running install_data
[1.480s] running install_egg_info
[1.483s] removing '/root/ros2_ws/install/mpu9250/lib/python3.10/site-packages/mpu9250-0.0.0-py3.10.egg-info' (and everything under it)
[1.483s] Copying ../../build/mpu9250/mpu9250.egg-info to /root/ros2_ws/install/mpu9250/lib/python3.10/site-packages/mpu9250-0.0.0-py3.10.egg-info
[1.484s] running install_scripts
[1.534s] Installing mpu9250_node script to /root/ros2_ws/install/mpu9250/lib/mpu9250
[1.536s] writing list of installed files to '/root/ros2_ws/build/mpu9250/install.log'
[1.607s] Invoked command in '/root/ros2_ws/src/mpu9250' returned '0': PYTHONPATH=/root/ros2_ws/build/mpu9250/prefix_override:/root/ros2_ws/install/mpu9250/lib/python3.10/site-packages:${PYTHONPATH} /usr/bin/python3 -W ignore:setup.py install is deprecated setup.py egg_info --egg-base ../../build/mpu9250 build --build-base /root/ros2_ws/build/mpu9250/build install --record /root/ros2_ws/build/mpu9250/install.log --single-version-externally-managed install_data
