[1.346s] Invoking command in '/root/ros2_ws2/src/mpu9250': PYTHONPATH=/root/ros2_ws2/build/mpu9250/prefix_override:/root/ros2_ws2/install/mpu9250/lib/python3.10/site-packages:${PYTHONPATH} /usr/bin/python3 -W ignore:setup.py install is deprecated setup.py egg_info --egg-base ../../build/mpu9250 build --build-base /root/ros2_ws2/build/mpu9250/build install --record /root/ros2_ws2/build/mpu9250/install.log --single-version-externally-managed install_data
[1.685s] running egg_info
[1.686s] writing ../../build/mpu9250/mpu9250.egg-info/PKG-INFO
[1.686s] writing dependency_links to ../../build/mpu9250/mpu9250.egg-info/dependency_links.txt
[1.697s] writing entry points to ../../build/mpu9250/mpu9250.egg-info/entry_points.txt
[1.708s] writing requirements to ../../build/mpu9250/mpu9250.egg-info/requires.txt
[1.715s] writing top-level names to ../../build/mpu9250/mpu9250.egg-info/top_level.txt
[1.733s] reading manifest file '../../build/mpu9250/mpu9250.egg-info/SOURCES.txt'
[1.735s] writing manifest file '../../build/mpu9250/mpu9250.egg-info/SOURCES.txt'
[1.735s] running build
[1.735s] running build_py
[1.736s] copying mpu9250/imusensor/MPU9250/MPU9250.py -> /root/ros2_ws2/build/mpu9250/build/lib/mpu9250/imusensor/MPU9250
[1.737s] running install
[1.738s] running install_lib
[1.740s] copying /root/ros2_ws2/build/mpu9250/build/lib/mpu9250/imusensor/MPU9250/MPU9250.py -> /root/ros2_ws2/install/mpu9250/lib/python3.10/site-packages/mpu9250/imusensor/MPU9250
[1.741s] byte-compiling /root/ros2_ws2/install/mpu9250/lib/python3.10/site-packages/mpu9250/imusensor/MPU9250/MPU9250.py to MPU9250.cpython-310.pyc
[1.747s] running install_data
[1.747s] running install_egg_info
[1.750s] removing '/root/ros2_ws2/install/mpu9250/lib/python3.10/site-packages/mpu9250-0.0.0-py3.10.egg-info' (and everything under it)
[1.751s] Copying ../../build/mpu9250/mpu9250.egg-info to /root/ros2_ws2/install/mpu9250/lib/python3.10/site-packages/mpu9250-0.0.0-py3.10.egg-info
[1.752s] running install_scripts
[1.782s] Installing mpu9250_node script to /root/ros2_ws2/install/mpu9250/lib/mpu9250
[1.783s] writing list of installed files to '/root/ros2_ws2/build/mpu9250/install.log'
[1.884s] Invoked command in '/root/ros2_ws2/src/mpu9250' returned '0': PYTHONPATH=/root/ros2_ws2/build/mpu9250/prefix_override:/root/ros2_ws2/install/mpu9250/lib/python3.10/site-packages:${PYTHONPATH} /usr/bin/python3 -W ignore:setup.py install is deprecated setup.py egg_info --egg-base ../../build/mpu9250 build --build-base /root/ros2_ws2/build/mpu9250/build install --record /root/ros2_ws2/build/mpu9250/install.log --single-version-externally-managed install_data
